10:08:05 INFO  c.e.d.FirstWebApplication - Starting FirstWebApplication using Java 21.0.7 with PID 5200 (D:\Java\workspace\first_web\bin\main started by Administrator in D:\Java\workspace\first_web)
10:08:05 INFO  c.e.d.FirstWebApplication - No active profile set, falling back to 1 default profile: "default"
10:08:05 INFO  o.s.b.d.e.DevToolsPropertyDefaultsPostProcessor - Devtools property defaults active! Set 'spring.devtools.add-properties' to 'false' to disable
10:08:05 INFO  o.s.b.d.e.DevToolsPropertyDefaultsPostProcessor - For additional web related logging consider setting the 'logging.level.web' property to 'DEBUG'
10:08:07 INFO  o.s.b.w.e.t.TomcatWebServer - Tomcat initialized with port 8080 (http)
10:08:07 INFO  o.a.c.h.Http11NioProtocol - Initializing ProtocolHandler ["http-nio-8080"]
10:08:07 INFO  o.a.c.c.StandardService - Starting service [Tomcat]
10:08:07 INFO  o.a.c.c.StandardEngine - Starting Servlet engine: [Apache Tomcat/10.1.44]
10:08:07 INFO  o.a.c.c.C.[.[.[/] - Initializing Spring embedded WebApplicationContext
10:08:07 INFO  o.s.b.w.s.c.ServletWebServerApplicationContext - Root WebApplicationContext: initialization completed in 1490 ms
10:08:07 INFO  o.s.b.a.w.s.WelcomePageHandlerMapping - Adding welcome page: class path resource [static/index.html]
10:08:08 INFO  o.s.b.d.a.OptionalLiveReloadServer - LiveReload server is running on port 35729
10:08:08 INFO  o.a.c.h.Http11NioProtocol - Starting ProtocolHandler ["http-nio-8080"]
10:08:08 INFO  o.s.b.w.e.t.TomcatWebServer - Tomcat started on port 8080 (http) with context path '/'
10:08:08 INFO  c.e.d.FirstWebApplication - Started FirstWebApplication in 3.613 seconds (process running for 4.434)
10:11:40 INFO  o.s.b.d.a.LocalDevToolsAutoConfiguration$RestartingClassPathChangeChangedEventListener - Restarting due to 34 class path changes (0 additions, 0 deletions, 34 modifications)
10:11:40 INFO  o.s.b.w.e.t.GracefulShutdown - Commencing graceful shutdown. Waiting for active requests to complete
10:11:40 INFO  o.a.c.h.Http11NioProtocol - Pausing ProtocolHandler ["http-nio-8080"]
10:11:40 INFO  o.s.b.w.e.t.GracefulShutdown - Graceful shutdown complete
10:11:40 INFO  o.a.c.h.Http11NioProtocol - Stopping ProtocolHandler ["http-nio-8080"]
10:11:40 INFO  c.e.d.FirstWebApplication - Starting FirstWebApplication using Java 21.0.7 with PID 5200 (D:\Java\workspace\first_web\bin\main started by Administrator in D:\Java\workspace\first_web)
10:11:40 INFO  c.e.d.FirstWebApplication - No active profile set, falling back to 1 default profile: "default"
10:11:40 INFO  o.s.b.w.e.t.TomcatWebServer - Tomcat initialized with port 8080 (http)
10:11:40 INFO  o.a.c.h.Http11NioProtocol - Initializing ProtocolHandler ["http-nio-8080"]
10:11:40 INFO  o.a.c.c.StandardService - Starting service [Tomcat]
10:11:40 INFO  o.a.c.c.StandardEngine - Starting Servlet engine: [Apache Tomcat/10.1.44]
10:11:40 INFO  o.a.c.c.C.[.[.[/] - Initializing Spring embedded WebApplicationContext
10:11:40 INFO  o.s.b.w.s.c.ServletWebServerApplicationContext - Root WebApplicationContext: initialization completed in 438 ms
10:11:41 INFO  o.s.b.a.w.s.WelcomePageHandlerMapping - Adding welcome page: class path resource [static/index.html]
10:11:41 INFO  o.s.b.d.a.OptionalLiveReloadServer - LiveReload server is running on port 35729
10:11:41 INFO  o.a.c.h.Http11NioProtocol - Starting ProtocolHandler ["http-nio-8080"]
10:11:41 INFO  o.s.b.w.e.t.TomcatWebServer - Tomcat started on port 8080 (http) with context path '/'
10:11:41 INFO  c.e.d.FirstWebApplication - Started FirstWebApplication in 1.071 seconds (process running for 217.271)
10:11:41 INFO  o.s.b.d.a.ConditionEvaluationDeltaLoggingListener - Condition evaluation unchanged
10:11:43 INFO  o.s.b.a.SpringApplicationAdminMXBeanRegistrar$SpringApplicationAdmin - Application shutdown requested.
10:11:43 INFO  o.s.b.w.e.t.GracefulShutdown - Commencing graceful shutdown. Waiting for active requests to complete
10:11:43 INFO  o.a.c.h.Http11NioProtocol - Pausing ProtocolHandler ["http-nio-8080"]
10:11:43 INFO  o.s.b.w.e.t.GracefulShutdown - Graceful shutdown complete
10:11:43 INFO  o.a.c.h.Http11NioProtocol - Stopping ProtocolHandler ["http-nio-8080"]
10:19:44 INFO  c.e.d.FirstWebApplication - Starting FirstWebApplication using Java 21.0.7 with PID 2696 (D:\Java\workspace\first_web\bin\main started by Administrator in D:\Java\workspace\first_web)
10:19:44 INFO  c.e.d.FirstWebApplication - No active profile set, falling back to 1 default profile: "default"
10:19:44 INFO  o.s.b.d.e.DevToolsPropertyDefaultsPostProcessor - Devtools property defaults active! Set 'spring.devtools.add-properties' to 'false' to disable
10:19:44 INFO  o.s.b.d.e.DevToolsPropertyDefaultsPostProcessor - For additional web related logging consider setting the 'logging.level.web' property to 'DEBUG'
10:19:45 INFO  o.s.b.w.e.t.TomcatWebServer - Tomcat initialized with port 8080 (http)
10:19:45 INFO  o.a.c.h.Http11NioProtocol - Initializing ProtocolHandler ["http-nio-8080"]
10:19:45 INFO  o.a.c.c.StandardService - Starting service [Tomcat]
10:19:45 INFO  o.a.c.c.StandardEngine - Starting Servlet engine: [Apache Tomcat/10.1.44]
10:19:45 INFO  o.a.c.c.C.[.[.[/] - Initializing Spring embedded WebApplicationContext
10:19:45 INFO  o.s.b.w.s.c.ServletWebServerApplicationContext - Root WebApplicationContext: initialization completed in 1541 ms
10:19:46 INFO  o.s.b.a.w.s.WelcomePageHandlerMapping - Adding welcome page: class path resource [static/index.html]
10:19:47 INFO  o.s.b.d.a.OptionalLiveReloadServer - LiveReload server is running on port 35729
10:19:47 INFO  o.a.c.h.Http11NioProtocol - Starting ProtocolHandler ["http-nio-8080"]
10:19:47 INFO  o.s.b.w.e.t.TomcatWebServer - Tomcat started on port 8080 (http) with context path '/'
10:19:47 INFO  c.e.d.FirstWebApplication - Started FirstWebApplication in 3.819 seconds (process running for 4.618)
10:19:47 INFO  o.a.c.c.C.[.[.[/] - Initializing Spring DispatcherServlet 'dispatcherServlet'
10:19:47 INFO  o.s.w.s.DispatcherServlet - Initializing Servlet 'dispatcherServlet'
10:19:47 INFO  o.s.w.s.DispatcherServlet - Completed initialization in 1 ms
10:19:47 WARN  o.s.w.s.m.m.a.ExceptionHandlerExceptionResolver - Resolved [com.example.demo.exception.SessionExpiredException: session expired : 5DDF891F834110BF7A3BE92F0818D4F7]
10:19:51 INFO  c.e.d.c.LoginController - 사용자가 로그인을 시도했습니다!
10:19:51 INFO  c.e.d.c.LoginController - 로그인을 요청한 세션 ID : [5DDF891F834110BF7A3BE92F0818D4F7]
10:19:51 INFO  c.e.d.c.LoginController - 입력한 ID : ktech
10:19:51 INFO  c.e.d.c.LoginController - 입력한 PASSWORD : ktech!@#$
10:19:51 INFO  c.z.h.HikariDataSource - HikariPool-1 - Starting...
10:19:51 INFO  c.z.h.p.HikariPool - HikariPool-1 - Added connection org.mariadb.jdbc.Connection@1018b35f
10:19:51 INFO  c.z.h.HikariDataSource - HikariPool-1 - Start completed.
10:19:51 INFO  c.e.d.c.LoginController - 사용자가 로그인에 성공했습니다!
10:19:53 INFO  c.z.h.HikariDataSource - HikariPool-2 - Starting...
10:19:53 INFO  c.z.h.p.HikariPool - HikariPool-2 - Added connection org.mariadb.jdbc.Connection@31ad35f3
10:19:53 INFO  c.z.h.HikariDataSource - HikariPool-2 - Start completed.
10:19:53 INFO  c.e.d.c.DepartmentsController - 사용자가 /departments 페이지를 요청함
10:19:59 WARN  o.s.w.s.m.m.a.ExceptionHandlerExceptionResolver - Resolved [org.springframework.web.servlet.resource.NoResourceFoundException: No static resource .well-known/appspecific/com.chrome.devtools.json.]
10:21:31 INFO  c.e.d.c.DepartmentsController - 사용자가 /departments 페이지를 요청함
10:21:31 WARN  o.s.w.s.m.m.a.ExceptionHandlerExceptionResolver - Resolved [org.springframework.web.servlet.resource.NoResourceFoundException: No static resource .well-known/appspecific/com.chrome.devtools.json.]
10:23:10 INFO  c.e.d.c.DepartmentsController - 사용자가 /departments 페이지를 요청함
10:23:10 WARN  o.s.w.s.m.m.a.ExceptionHandlerExceptionResolver - Resolved [org.springframework.web.servlet.resource.NoResourceFoundException: No static resource .well-known/appspecific/com.chrome.devtools.json.]
10:26:29 INFO  c.e.d.c.DepartmentsController - 사용자가 /departments 페이지를 요청함
10:26:29 WARN  o.s.w.s.m.m.a.ExceptionHandlerExceptionResolver - Resolved [org.springframework.web.servlet.resource.NoResourceFoundException: No static resource .well-known/appspecific/com.chrome.devtools.json.]
10:28:38 INFO  c.e.d.c.DepartmentsController - 사용자가 /departments 페이지를 요청함
10:28:38 WARN  o.s.w.s.m.m.a.ExceptionHandlerExceptionResolver - Resolved [org.springframework.web.servlet.resource.NoResourceFoundException: No static resource .well-known/appspecific/com.chrome.devtools.json.]
10:28:43 WARN  o.m.j.m.s.ErrorPacket - Error: 1062-23000: Duplicate entry 'sadasd' for key 'dept_name'
10:29:01 INFO  c.e.d.c.DepartmentsController - 사용자가 /departments 페이지를 요청함
10:29:01 WARN  o.s.w.s.m.m.a.ExceptionHandlerExceptionResolver - Resolved [org.springframework.web.servlet.resource.NoResourceFoundException: No static resource .well-known/appspecific/com.chrome.devtools.json.]
10:30:28 INFO  c.e.d.c.DepartmentsController - 사용자가 /departments 페이지를 요청함
10:30:28 WARN  o.s.w.s.m.m.a.ExceptionHandlerExceptionResolver - Resolved [org.springframework.web.servlet.resource.NoResourceFoundException: No static resource .well-known/appspecific/com.chrome.devtools.json.]
10:30:56 INFO  c.e.d.c.DepartmentsController - 사용자가 /departments 페이지를 요청함
10:30:56 WARN  o.s.w.s.m.m.a.ExceptionHandlerExceptionResolver - Resolved [org.springframework.web.servlet.resource.NoResourceFoundException: No static resource .well-known/appspecific/com.chrome.devtools.json.]
10:32:06 WARN  o.m.j.m.s.ErrorPacket - Error: 1062-23000: Duplicate entry 'd500' for key 'PRIMARY'
10:32:14 WARN  o.m.j.m.s.ErrorPacket - Error: 1062-23000: Duplicate entry 'd500' for key 'PRIMARY'
10:41:15 INFO  c.e.d.c.DepartmentsController - 사용자가 /departments 페이지를 요청함
10:41:15 WARN  o.s.w.s.m.m.a.ExceptionHandlerExceptionResolver - Resolved [org.springframework.web.servlet.resource.NoResourceFoundException: No static resource .well-known/appspecific/com.chrome.devtools.json.]
10:41:27 INFO  c.e.d.c.DepartmentsController - 사용자가 /departments 페이지를 요청함
10:41:27 WARN  o.s.w.s.m.m.a.ExceptionHandlerExceptionResolver - Resolved [org.springframework.web.servlet.resource.NoResourceFoundException: No static resource .well-known/appspecific/com.chrome.devtools.json.]
11:28:56 WARN  o.s.w.s.m.m.a.ExceptionHandlerExceptionResolver - Resolved [com.example.demo.exception.SessionExpiredException: session expired : 84E99848FA56D5B4A747A0A3A7650407]
11:28:56 WARN  o.s.w.s.m.m.a.ExceptionHandlerExceptionResolver - Resolved [org.springframework.web.servlet.resource.NoResourceFoundException: No static resource .well-known/appspecific/com.chrome.devtools.json.]
11:29:06 INFO  c.e.d.c.LoginController - 사용자가 로그인을 시도했습니다!
11:29:06 INFO  c.e.d.c.LoginController - 로그인을 요청한 세션 ID : [84E99848FA56D5B4A747A0A3A7650407]
11:29:06 INFO  c.e.d.c.LoginController - 입력한 ID : ktech
11:29:06 INFO  c.e.d.c.LoginController - 입력한 PASSWORD : ktech!@#$
11:29:07 INFO  c.e.d.c.LoginController - 사용자가 로그인에 성공했습니다!
11:29:07 WARN  o.s.w.s.m.m.a.ExceptionHandlerExceptionResolver - Resolved [org.springframework.web.servlet.resource.NoResourceFoundException: No static resource .well-known/appspecific/com.chrome.devtools.json.]
11:29:08 INFO  c.e.d.c.DepartmentsController - 사용자가 /departments 페이지를 요청함
11:29:08 WARN  o.s.w.s.m.m.a.ExceptionHandlerExceptionResolver - Resolved [org.springframework.web.servlet.resource.NoResourceFoundException: No static resource .well-known/appspecific/com.chrome.devtools.json.]
11:31:11 INFO  c.e.d.c.LoginController - 사용자가 로그인을 시도했습니다!
11:31:11 INFO  c.e.d.c.LoginController - 로그인을 요청한 세션 ID : [84E99848FA56D5B4A747A0A3A7650407]
11:31:11 INFO  c.e.d.c.LoginController - 입력한 ID : ktech
11:31:11 INFO  c.e.d.c.LoginController - 입력한 PASSWORD : ktech!@#$
11:31:11 INFO  c.e.d.c.LoginController - 사용자가 로그인에 성공했습니다!
11:31:49 INFO  c.e.d.c.LoginController - 사용자가 로그인을 시도했습니다!
11:31:49 INFO  c.e.d.c.LoginController - 로그인을 요청한 세션 ID : [84E99848FA56D5B4A747A0A3A7650407]
11:31:49 INFO  c.e.d.c.LoginController - 입력한 ID : ktech
11:31:49 INFO  c.e.d.c.LoginController - 입력한 PASSWORD : ktech!@#$
11:31:49 INFO  c.e.d.c.LoginController - 사용자가 로그인에 성공했습니다!
11:32:20 INFO  c.e.d.c.LoginController - 사용자가 로그인을 시도했습니다!
11:32:20 INFO  c.e.d.c.LoginController - 로그인을 요청한 세션 ID : [84E99848FA56D5B4A747A0A3A7650407]
11:32:20 INFO  c.e.d.c.LoginController - 입력한 ID : ktech
11:32:20 INFO  c.e.d.c.LoginController - 입력한 PASSWORD : ktech!@#$
11:32:21 INFO  c.e.d.c.LoginController - 사용자가 로그인에 성공했습니다!
11:32:53 INFO  c.e.d.c.LoginController - 사용자가 로그인을 시도했습니다!
11:32:53 INFO  c.e.d.c.LoginController - 로그인을 요청한 세션 ID : [84E99848FA56D5B4A747A0A3A7650407]
11:32:53 INFO  c.e.d.c.LoginController - 입력한 ID : ktech
11:32:53 INFO  c.e.d.c.LoginController - 입력한 PASSWORD : ktech!@#$
11:32:54 INFO  c.e.d.c.LoginController - 사용자가 로그인에 성공했습니다!
11:33:31 INFO  c.e.d.c.LoginController - 사용자가 로그인을 시도했습니다!
11:33:31 INFO  c.e.d.c.LoginController - 로그인을 요청한 세션 ID : [84E99848FA56D5B4A747A0A3A7650407]
11:33:31 INFO  c.e.d.c.LoginController - 입력한 ID : ktech
11:33:31 INFO  c.e.d.c.LoginController - 입력한 PASSWORD : ktech!@#$
11:33:31 INFO  c.e.d.c.LoginController - 사용자가 로그인에 성공했습니다!
11:33:39 INFO  c.e.d.c.LoginController - 사용자가 로그인을 시도했습니다!
11:33:39 INFO  c.e.d.c.LoginController - 로그인을 요청한 세션 ID : [84E99848FA56D5B4A747A0A3A7650407]
11:33:39 INFO  c.e.d.c.LoginController - 입력한 ID : ktech
11:33:39 INFO  c.e.d.c.LoginController - 입력한 PASSWORD : ktech!@#$
11:33:39 INFO  c.e.d.c.LoginController - 사용자가 로그인에 성공했습니다!
11:33:49 INFO  c.e.d.c.LoginController - 사용자가 로그인을 시도했습니다!
11:33:49 INFO  c.e.d.c.LoginController - 로그인을 요청한 세션 ID : [84E99848FA56D5B4A747A0A3A7650407]
11:33:49 INFO  c.e.d.c.LoginController - 입력한 ID : ktech
11:33:49 INFO  c.e.d.c.LoginController - 입력한 PASSWORD : ktech!@#$
11:33:49 INFO  c.e.d.c.LoginController - 사용자가 로그인에 성공했습니다!
11:34:00 INFO  c.e.d.c.LoginController - 사용자가 로그인을 시도했습니다!
11:34:00 INFO  c.e.d.c.LoginController - 로그인을 요청한 세션 ID : [84E99848FA56D5B4A747A0A3A7650407]
11:34:00 INFO  c.e.d.c.LoginController - 입력한 ID : ktech
11:34:00 INFO  c.e.d.c.LoginController - 입력한 PASSWORD : ktech!@#$
11:34:01 INFO  c.e.d.c.LoginController - 사용자가 로그인에 성공했습니다!
11:34:08 WARN  o.s.w.s.m.m.a.ExceptionHandlerExceptionResolver - Resolved [org.springframework.web.servlet.resource.NoResourceFoundException: No static resource .well-known/appspecific/com.chrome.devtools.json.]
11:34:30 INFO  c.e.d.c.LoginController - 사용자가 로그인을 시도했습니다!
11:34:30 INFO  c.e.d.c.LoginController - 로그인을 요청한 세션 ID : [84E99848FA56D5B4A747A0A3A7650407]
11:34:30 INFO  c.e.d.c.LoginController - 입력한 ID : ktech
11:34:30 INFO  c.e.d.c.LoginController - 입력한 PASSWORD : ktech!@#$
11:34:30 INFO  c.e.d.c.LoginController - 사용자가 로그인에 성공했습니다!
11:34:30 WARN  o.s.w.s.m.m.a.ExceptionHandlerExceptionResolver - Resolved [org.springframework.web.servlet.resource.NoResourceFoundException: No static resource .well-known/appspecific/com.chrome.devtools.json.]
11:34:40 INFO  c.e.d.c.LoginController - 사용자가 로그인을 시도했습니다!
11:34:40 INFO  c.e.d.c.LoginController - 로그인을 요청한 세션 ID : [84E99848FA56D5B4A747A0A3A7650407]
11:34:40 INFO  c.e.d.c.LoginController - 입력한 ID : ktech
11:34:40 INFO  c.e.d.c.LoginController - 입력한 PASSWORD : ktech!@#$
11:34:40 INFO  c.e.d.c.LoginController - 사용자가 로그인에 성공했습니다!
11:34:45 INFO  c.e.d.c.LoginController - 사용자가 로그인을 시도했습니다!
11:34:45 INFO  c.e.d.c.LoginController - 로그인을 요청한 세션 ID : [84E99848FA56D5B4A747A0A3A7650407]
11:34:45 INFO  c.e.d.c.LoginController - 입력한 ID : ktech
11:34:45 INFO  c.e.d.c.LoginController - 입력한 PASSWORD : ktech!@#$
11:34:45 INFO  c.e.d.c.LoginController - 사용자가 로그인에 성공했습니다!
11:34:57 INFO  c.e.d.c.LoginController - 사용자가 로그인을 시도했습니다!
11:34:57 INFO  c.e.d.c.LoginController - 로그인을 요청한 세션 ID : [84E99848FA56D5B4A747A0A3A7650407]
11:34:57 INFO  c.e.d.c.LoginController - 입력한 ID : ktech
11:34:57 INFO  c.e.d.c.LoginController - 입력한 PASSWORD : ktech!@#$
11:34:57 INFO  c.e.d.c.LoginController - 사용자가 로그인에 성공했습니다!
11:34:57 ERROR o.t.TemplateEngine - [THYMELEAF][http-nio-8080-exec-4] Exception processing template "dashboard": An error happened during template parsing (template: "class path resource [templates/dashboard.html]" - line 29, col 3)
org.thymeleaf.exceptions.TemplateInputException: An error happened during template parsing (template: "class path resource [templates/dashboard.html]" - line 29, col 3)
	at org.thymeleaf.templateparser.markup.AbstractMarkupTemplateParser.parse(AbstractMarkupTemplateParser.java:239)
	at org.thymeleaf.templateparser.markup.AbstractMarkupTemplateParser.parseStandalone(AbstractMarkupTemplateParser.java:100)
	at org.thymeleaf.engine.TemplateManager.parseAndProcess(TemplateManager.java:666)
	at org.thymeleaf.TemplateEngine.process(TemplateEngine.java:1103)
	at org.thymeleaf.TemplateEngine.process(TemplateEngine.java:1077)
	at org.thymeleaf.spring6.view.ThymeleafView.renderFragment(ThymeleafView.java:372)
	at org.thymeleaf.spring6.view.ThymeleafView.render(ThymeleafView.java:192)
	at org.springframework.web.servlet.DispatcherServlet.render(DispatcherServlet.java:1438)
	at org.springframework.web.servlet.DispatcherServlet.processDispatchResult(DispatcherServlet.java:1168)
	at org.springframework.web.servlet.DispatcherServlet.doDispatch(DispatcherServlet.java:1106)
	at org.springframework.web.servlet.DispatcherServlet.doService(DispatcherServlet.java:979)
	at org.springframework.web.servlet.FrameworkServlet.processRequest(FrameworkServlet.java:1014)
	at org.springframework.web.servlet.FrameworkServlet.doPost(FrameworkServlet.java:914)
	at jakarta.servlet.http.HttpServlet.service(HttpServlet.java:590)
	at org.springframework.web.servlet.FrameworkServlet.service(FrameworkServlet.java:885)
	at jakarta.servlet.http.HttpServlet.service(HttpServlet.java:658)
	at org.apache.catalina.core.ApplicationFilterChain.internalDoFilter(ApplicationFilterChain.java:195)
	at org.apache.catalina.core.ApplicationFilterChain.doFilter(ApplicationFilterChain.java:140)
	at org.apache.tomcat.websocket.server.WsFilter.doFilter(WsFilter.java:51)
	at org.apache.catalina.core.ApplicationFilterChain.internalDoFilter(ApplicationFilterChain.java:164)
	at org.apache.catalina.core.ApplicationFilterChain.doFilter(ApplicationFilterChain.java:140)
	at org.springframework.web.filter.RequestContextFilter.doFilterInternal(RequestContextFilter.java:100)
	at org.springframework.web.filter.OncePerRequestFilter.doFilter(OncePerRequestFilter.java:116)
	at org.apache.catalina.core.ApplicationFilterChain.internalDoFilter(ApplicationFilterChain.java:164)
	at org.apache.catalina.core.ApplicationFilterChain.doFilter(ApplicationFilterChain.java:140)
	at org.springframework.web.filter.FormContentFilter.doFilterInternal(FormContentFilter.java:93)
	at org.springframework.web.filter.OncePerRequestFilter.doFilter(OncePerRequestFilter.java:116)
	at org.apache.catalina.core.ApplicationFilterChain.internalDoFilter(ApplicationFilterChain.java:164)
	at org.apache.catalina.core.ApplicationFilterChain.doFilter(ApplicationFilterChain.java:140)
	at org.springframework.web.filter.CharacterEncodingFilter.doFilterInternal(CharacterEncodingFilter.java:201)
	at org.springframework.web.filter.OncePerRequestFilter.doFilter(OncePerRequestFilter.java:116)
	at org.apache.catalina.core.ApplicationFilterChain.internalDoFilter(ApplicationFilterChain.java:164)
	at org.apache.catalina.core.ApplicationFilterChain.doFilter(ApplicationFilterChain.java:140)
	at org.apache.catalina.core.StandardWrapperValve.invoke(StandardWrapperValve.java:167)
	at org.apache.catalina.core.StandardContextValve.invoke(StandardContextValve.java:90)
	at org.apache.catalina.authenticator.AuthenticatorBase.invoke(AuthenticatorBase.java:483)
	at org.apache.catalina.core.StandardHostValve.invoke(StandardHostValve.java:116)
	at org.apache.catalina.valves.ErrorReportValve.invoke(ErrorReportValve.java:93)
	at org.apache.catalina.core.StandardEngineValve.invoke(StandardEngineValve.java:74)
	at org.apache.catalina.connector.CoyoteAdapter.service(CoyoteAdapter.java:344)
	at org.apache.coyote.http11.Http11Processor.service(Http11Processor.java:398)
	at org.apache.coyote.AbstractProcessorLight.process(AbstractProcessorLight.java:63)
	at org.apache.coyote.AbstractProtocol$ConnectionHandler.process(AbstractProtocol.java:903)
	at org.apache.tomcat.util.net.NioEndpoint$SocketProcessor.doRun(NioEndpoint.java:1769)
	at org.apache.tomcat.util.net.SocketProcessorBase.run(SocketProcessorBase.java:52)
	at org.apache.tomcat.util.threads.ThreadPoolExecutor.runWorker(ThreadPoolExecutor.java:1189)
	at org.apache.tomcat.util.threads.ThreadPoolExecutor$Worker.run(ThreadPoolExecutor.java:658)
	at org.apache.tomcat.util.threads.TaskThread$WrappingRunnable.run(TaskThread.java:63)
	at java.base/java.lang.Thread.run(Thread.java:1583)
Caused by: org.attoparser.ParseException: (Line = 29, Column = 3) Incomplete structure: "<div class="bg-secondary rounded h-100 p-3>
			<h3>로그인 성공!</h3>
			<hr>
			
					
			<!-- <div th:if="${result==1}">true</div> -->
			
			<!-- 타임리프가 객체를 사용하는 두번쨰 방법 -->
			<div th:unless="${account == null}">
				<th:block th:object = "${account}">
					manager_id : 		<span th:text="*{manager_id}"></span><br>
					login_id : 			<span th:text="*{login_id}"></span><br>
					login_password : 	<span th:text="*{login_password}"></span><br>
					manager_name :		<span th:text="*{manager_name}"></span><br>
					email : 			<span th:text="*{email}"></span><br>
					expire_date : 		<span th:text="*{expire_dt}"></span><br>
				</th:block>			
			</div>
			
			<p></p>
				
				<div>
					<form action="/logout" method="get">
						<button type="submit">로그아웃</button>
					</form>
				</div>
	
			<div>
				<ul>
					<li><a href = "/departments">[부서 리스트]</a></li>
				</ul>	
			</div>
		</div>
		</div>
		</div>
		
	</body>


</html>"
	at org.attoparser.MarkupParser.parseDocument(MarkupParser.java:366)
	at org.attoparser.MarkupParser.parse(MarkupParser.java:257)
	at org.thymeleaf.templateparser.markup.AbstractMarkupTemplateParser.parse(AbstractMarkupTemplateParser.java:230)
	... 48 common frames omitted
11:34:57 ERROR o.a.c.c.C.[.[.[.[dispatcherServlet] - Servlet.service() for servlet [dispatcherServlet] in context with path [] threw exception [Request processing failed: org.thymeleaf.exceptions.TemplateInputException: An error happened during template parsing (template: "class path resource [templates/dashboard.html]" - line 29, col 3)] with root cause
org.attoparser.ParseException: (Line = 29, Column = 3) Incomplete structure: "<div class="bg-secondary rounded h-100 p-3>
			<h3>로그인 성공!</h3>
			<hr>
			
					
			<!-- <div th:if="${result==1}">true</div> -->
			
			<!-- 타임리프가 객체를 사용하는 두번쨰 방법 -->
			<div th:unless="${account == null}">
				<th:block th:object = "${account}">
					manager_id : 		<span th:text="*{manager_id}"></span><br>
					login_id : 			<span th:text="*{login_id}"></span><br>
					login_password : 	<span th:text="*{login_password}"></span><br>
					manager_name :		<span th:text="*{manager_name}"></span><br>
					email : 			<span th:text="*{email}"></span><br>
					expire_date : 		<span th:text="*{expire_dt}"></span><br>
				</th:block>			
			</div>
			
			<p></p>
				
				<div>
					<form action="/logout" method="get">
						<button type="submit">로그아웃</button>
					</form>
				</div>
	
			<div>
				<ul>
					<li><a href = "/departments">[부서 리스트]</a></li>
				</ul>	
			</div>
		</div>
		</div>
		</div>
		
	</body>


</html>"
	at org.attoparser.MarkupParser.parseDocument(MarkupParser.java:366)
	at org.attoparser.MarkupParser.parse(MarkupParser.java:257)
	at org.thymeleaf.templateparser.markup.AbstractMarkupTemplateParser.parse(AbstractMarkupTemplateParser.java:230)
	at org.thymeleaf.templateparser.markup.AbstractMarkupTemplateParser.parseStandalone(AbstractMarkupTemplateParser.java:100)
	at org.thymeleaf.engine.TemplateManager.parseAndProcess(TemplateManager.java:666)
	at org.thymeleaf.TemplateEngine.process(TemplateEngine.java:1103)
	at org.thymeleaf.TemplateEngine.process(TemplateEngine.java:1077)
	at org.thymeleaf.spring6.view.ThymeleafView.renderFragment(ThymeleafView.java:372)
	at org.thymeleaf.spring6.view.ThymeleafView.render(ThymeleafView.java:192)
	at org.springframework.web.servlet.DispatcherServlet.render(DispatcherServlet.java:1438)
	at org.springframework.web.servlet.DispatcherServlet.processDispatchResult(DispatcherServlet.java:1168)
	at org.springframework.web.servlet.DispatcherServlet.doDispatch(DispatcherServlet.java:1106)
	at org.springframework.web.servlet.DispatcherServlet.doService(DispatcherServlet.java:979)
	at org.springframework.web.servlet.FrameworkServlet.processRequest(FrameworkServlet.java:1014)
	at org.springframework.web.servlet.FrameworkServlet.doPost(FrameworkServlet.java:914)
	at jakarta.servlet.http.HttpServlet.service(HttpServlet.java:590)
	at org.springframework.web.servlet.FrameworkServlet.service(FrameworkServlet.java:885)
	at jakarta.servlet.http.HttpServlet.service(HttpServlet.java:658)
	at org.apache.catalina.core.ApplicationFilterChain.internalDoFilter(ApplicationFilterChain.java:195)
	at org.apache.catalina.core.ApplicationFilterChain.doFilter(ApplicationFilterChain.java:140)
	at org.apache.tomcat.websocket.server.WsFilter.doFilter(WsFilter.java:51)
	at org.apache.catalina.core.ApplicationFilterChain.internalDoFilter(ApplicationFilterChain.java:164)
	at org.apache.catalina.core.ApplicationFilterChain.doFilter(ApplicationFilterChain.java:140)
	at org.springframework.web.filter.RequestContextFilter.doFilterInternal(RequestContextFilter.java:100)
	at org.springframework.web.filter.OncePerRequestFilter.doFilter(OncePerRequestFilter.java:116)
	at org.apache.catalina.core.ApplicationFilterChain.internalDoFilter(ApplicationFilterChain.java:164)
	at org.apache.catalina.core.ApplicationFilterChain.doFilter(ApplicationFilterChain.java:140)
	at org.springframework.web.filter.FormContentFilter.doFilterInternal(FormContentFilter.java:93)
	at org.springframework.web.filter.OncePerRequestFilter.doFilter(OncePerRequestFilter.java:116)
	at org.apache.catalina.core.ApplicationFilterChain.internalDoFilter(ApplicationFilterChain.java:164)
	at org.apache.catalina.core.ApplicationFilterChain.doFilter(ApplicationFilterChain.java:140)
	at org.springframework.web.filter.CharacterEncodingFilter.doFilterInternal(CharacterEncodingFilter.java:201)
	at org.springframework.web.filter.OncePerRequestFilter.doFilter(OncePerRequestFilter.java:116)
	at org.apache.catalina.core.ApplicationFilterChain.internalDoFilter(ApplicationFilterChain.java:164)
	at org.apache.catalina.core.ApplicationFilterChain.doFilter(ApplicationFilterChain.java:140)
	at org.apache.catalina.core.StandardWrapperValve.invoke(StandardWrapperValve.java:167)
	at org.apache.catalina.core.StandardContextValve.invoke(StandardContextValve.java:90)
	at org.apache.catalina.authenticator.AuthenticatorBase.invoke(AuthenticatorBase.java:483)
	at org.apache.catalina.core.StandardHostValve.invoke(StandardHostValve.java:116)
	at org.apache.catalina.valves.ErrorReportValve.invoke(ErrorReportValve.java:93)
	at org.apache.catalina.core.StandardEngineValve.invoke(StandardEngineValve.java:74)
	at org.apache.catalina.connector.CoyoteAdapter.service(CoyoteAdapter.java:344)
	at org.apache.coyote.http11.Http11Processor.service(Http11Processor.java:398)
	at org.apache.coyote.AbstractProcessorLight.process(AbstractProcessorLight.java:63)
	at org.apache.coyote.AbstractProtocol$ConnectionHandler.process(AbstractProtocol.java:903)
	at org.apache.tomcat.util.net.NioEndpoint$SocketProcessor.doRun(NioEndpoint.java:1769)
	at org.apache.tomcat.util.net.SocketProcessorBase.run(SocketProcessorBase.java:52)
	at org.apache.tomcat.util.threads.ThreadPoolExecutor.runWorker(ThreadPoolExecutor.java:1189)
	at org.apache.tomcat.util.threads.ThreadPoolExecutor$Worker.run(ThreadPoolExecutor.java:658)
	at org.apache.tomcat.util.threads.TaskThread$WrappingRunnable.run(TaskThread.java:63)
	at java.base/java.lang.Thread.run(Thread.java:1583)
11:35:01 INFO  c.e.d.c.LoginController - 사용자가 로그인을 시도했습니다!
11:35:01 INFO  c.e.d.c.LoginController - 로그인을 요청한 세션 ID : [84E99848FA56D5B4A747A0A3A7650407]
11:35:01 INFO  c.e.d.c.LoginController - 입력한 ID : ktech
11:35:01 INFO  c.e.d.c.LoginController - 입력한 PASSWORD : ktech!@#$
11:35:01 INFO  c.e.d.c.LoginController - 사용자가 로그인에 성공했습니다!
11:35:01 ERROR o.t.TemplateEngine - [THYMELEAF][http-nio-8080-exec-2] Exception processing template "dashboard": An error happened during template parsing (template: "class path resource [templates/dashboard.html]" - line 29, col 3)
org.thymeleaf.exceptions.TemplateInputException: An error happened during template parsing (template: "class path resource [templates/dashboard.html]" - line 29, col 3)
	at org.thymeleaf.templateparser.markup.AbstractMarkupTemplateParser.parse(AbstractMarkupTemplateParser.java:239)
	at org.thymeleaf.templateparser.markup.AbstractMarkupTemplateParser.parseStandalone(AbstractMarkupTemplateParser.java:100)
	at org.thymeleaf.engine.TemplateManager.parseAndProcess(TemplateManager.java:666)
	at org.thymeleaf.TemplateEngine.process(TemplateEngine.java:1103)
	at org.thymeleaf.TemplateEngine.process(TemplateEngine.java:1077)
	at org.thymeleaf.spring6.view.ThymeleafView.renderFragment(ThymeleafView.java:372)
	at org.thymeleaf.spring6.view.ThymeleafView.render(ThymeleafView.java:192)
	at org.springframework.web.servlet.DispatcherServlet.render(DispatcherServlet.java:1438)
	at org.springframework.web.servlet.DispatcherServlet.processDispatchResult(DispatcherServlet.java:1168)
	at org.springframework.web.servlet.DispatcherServlet.doDispatch(DispatcherServlet.java:1106)
	at org.springframework.web.servlet.DispatcherServlet.doService(DispatcherServlet.java:979)
	at org.springframework.web.servlet.FrameworkServlet.processRequest(FrameworkServlet.java:1014)
	at org.springframework.web.servlet.FrameworkServlet.doPost(FrameworkServlet.java:914)
	at jakarta.servlet.http.HttpServlet.service(HttpServlet.java:590)
	at org.springframework.web.servlet.FrameworkServlet.service(FrameworkServlet.java:885)
	at jakarta.servlet.http.HttpServlet.service(HttpServlet.java:658)
	at org.apache.catalina.core.ApplicationFilterChain.internalDoFilter(ApplicationFilterChain.java:195)
	at org.apache.catalina.core.ApplicationFilterChain.doFilter(ApplicationFilterChain.java:140)
	at org.apache.tomcat.websocket.server.WsFilter.doFilter(WsFilter.java:51)
	at org.apache.catalina.core.ApplicationFilterChain.internalDoFilter(ApplicationFilterChain.java:164)
	at org.apache.catalina.core.ApplicationFilterChain.doFilter(ApplicationFilterChain.java:140)
	at org.springframework.web.filter.RequestContextFilter.doFilterInternal(RequestContextFilter.java:100)
	at org.springframework.web.filter.OncePerRequestFilter.doFilter(OncePerRequestFilter.java:116)
	at org.apache.catalina.core.ApplicationFilterChain.internalDoFilter(ApplicationFilterChain.java:164)
	at org.apache.catalina.core.ApplicationFilterChain.doFilter(ApplicationFilterChain.java:140)
	at org.springframework.web.filter.FormContentFilter.doFilterInternal(FormContentFilter.java:93)
	at org.springframework.web.filter.OncePerRequestFilter.doFilter(OncePerRequestFilter.java:116)
	at org.apache.catalina.core.ApplicationFilterChain.internalDoFilter(ApplicationFilterChain.java:164)
	at org.apache.catalina.core.ApplicationFilterChain.doFilter(ApplicationFilterChain.java:140)
	at org.springframework.web.filter.CharacterEncodingFilter.doFilterInternal(CharacterEncodingFilter.java:201)
	at org.springframework.web.filter.OncePerRequestFilter.doFilter(OncePerRequestFilter.java:116)
	at org.apache.catalina.core.ApplicationFilterChain.internalDoFilter(ApplicationFilterChain.java:164)
	at org.apache.catalina.core.ApplicationFilterChain.doFilter(ApplicationFilterChain.java:140)
	at org.apache.catalina.core.StandardWrapperValve.invoke(StandardWrapperValve.java:167)
	at org.apache.catalina.core.StandardContextValve.invoke(StandardContextValve.java:90)
	at org.apache.catalina.authenticator.AuthenticatorBase.invoke(AuthenticatorBase.java:483)
	at org.apache.catalina.core.StandardHostValve.invoke(StandardHostValve.java:116)
	at org.apache.catalina.valves.ErrorReportValve.invoke(ErrorReportValve.java:93)
	at org.apache.catalina.core.StandardEngineValve.invoke(StandardEngineValve.java:74)
	at org.apache.catalina.connector.CoyoteAdapter.service(CoyoteAdapter.java:344)
	at org.apache.coyote.http11.Http11Processor.service(Http11Processor.java:398)
	at org.apache.coyote.AbstractProcessorLight.process(AbstractProcessorLight.java:63)
	at org.apache.coyote.AbstractProtocol$ConnectionHandler.process(AbstractProtocol.java:903)
	at org.apache.tomcat.util.net.NioEndpoint$SocketProcessor.doRun(NioEndpoint.java:1769)
	at org.apache.tomcat.util.net.SocketProcessorBase.run(SocketProcessorBase.java:52)
	at org.apache.tomcat.util.threads.ThreadPoolExecutor.runWorker(ThreadPoolExecutor.java:1189)
	at org.apache.tomcat.util.threads.ThreadPoolExecutor$Worker.run(ThreadPoolExecutor.java:658)
	at org.apache.tomcat.util.threads.TaskThread$WrappingRunnable.run(TaskThread.java:63)
	at java.base/java.lang.Thread.run(Thread.java:1583)
Caused by: org.attoparser.ParseException: (Line = 29, Column = 3) Incomplete structure: "<div class="bg-secondary rounded h-100 p-4>
			<h3>로그인 성공!</h3>
			<hr>
			
					
			<!-- <div th:if="${result==1}">true</div> -->
			
			<!-- 타임리프가 객체를 사용하는 두번쨰 방법 -->
			<div th:unless="${account == null}">
				<th:block th:object = "${account}">
					manager_id : 		<span th:text="*{manager_id}"></span><br>
					login_id : 			<span th:text="*{login_id}"></span><br>
					login_password : 	<span th:text="*{login_password}"></span><br>
					manager_name :		<span th:text="*{manager_name}"></span><br>
					email : 			<span th:text="*{email}"></span><br>
					expire_date : 		<span th:text="*{expire_dt}"></span><br>
				</th:block>			
			</div>
			
			<p></p>
				
				<div>
					<form action="/logout" method="get">
						<button type="submit">로그아웃</button>
					</form>
				</div>
	
			<div>
				<ul>
					<li><a href = "/departments">[부서 리스트]</a></li>
				</ul>	
			</div>
		</div>
		</div>
		</div>
		
	</body>


</html>"
	at org.attoparser.MarkupParser.parseDocument(MarkupParser.java:366)
	at org.attoparser.MarkupParser.parse(MarkupParser.java:257)
	at org.thymeleaf.templateparser.markup.AbstractMarkupTemplateParser.parse(AbstractMarkupTemplateParser.java:230)
	... 48 common frames omitted
11:35:01 ERROR o.a.c.c.C.[.[.[.[dispatcherServlet] - Servlet.service() for servlet [dispatcherServlet] in context with path [] threw exception [Request processing failed: org.thymeleaf.exceptions.TemplateInputException: An error happened during template parsing (template: "class path resource [templates/dashboard.html]" - line 29, col 3)] with root cause
org.attoparser.ParseException: (Line = 29, Column = 3) Incomplete structure: "<div class="bg-secondary rounded h-100 p-4>
			<h3>로그인 성공!</h3>
			<hr>
			
					
			<!-- <div th:if="${result==1}">true</div> -->
			
			<!-- 타임리프가 객체를 사용하는 두번쨰 방법 -->
			<div th:unless="${account == null}">
				<th:block th:object = "${account}">
					manager_id : 		<span th:text="*{manager_id}"></span><br>
					login_id : 			<span th:text="*{login_id}"></span><br>
					login_password : 	<span th:text="*{login_password}"></span><br>
					manager_name :		<span th:text="*{manager_name}"></span><br>
					email : 			<span th:text="*{email}"></span><br>
					expire_date : 		<span th:text="*{expire_dt}"></span><br>
				</th:block>			
			</div>
			
			<p></p>
				
				<div>
					<form action="/logout" method="get">
						<button type="submit">로그아웃</button>
					</form>
				</div>
	
			<div>
				<ul>
					<li><a href = "/departments">[부서 리스트]</a></li>
				</ul>	
			</div>
		</div>
		</div>
		</div>
		
	</body>


</html>"
	at org.attoparser.MarkupParser.parseDocument(MarkupParser.java:366)
	at org.attoparser.MarkupParser.parse(MarkupParser.java:257)
	at org.thymeleaf.templateparser.markup.AbstractMarkupTemplateParser.parse(AbstractMarkupTemplateParser.java:230)
	at org.thymeleaf.templateparser.markup.AbstractMarkupTemplateParser.parseStandalone(AbstractMarkupTemplateParser.java:100)
	at org.thymeleaf.engine.TemplateManager.parseAndProcess(TemplateManager.java:666)
	at org.thymeleaf.TemplateEngine.process(TemplateEngine.java:1103)
	at org.thymeleaf.TemplateEngine.process(TemplateEngine.java:1077)
	at org.thymeleaf.spring6.view.ThymeleafView.renderFragment(ThymeleafView.java:372)
	at org.thymeleaf.spring6.view.ThymeleafView.render(ThymeleafView.java:192)
	at org.springframework.web.servlet.DispatcherServlet.render(DispatcherServlet.java:1438)
	at org.springframework.web.servlet.DispatcherServlet.processDispatchResult(DispatcherServlet.java:1168)
	at org.springframework.web.servlet.DispatcherServlet.doDispatch(DispatcherServlet.java:1106)
	at org.springframework.web.servlet.DispatcherServlet.doService(DispatcherServlet.java:979)
	at org.springframework.web.servlet.FrameworkServlet.processRequest(FrameworkServlet.java:1014)
	at org.springframework.web.servlet.FrameworkServlet.doPost(FrameworkServlet.java:914)
	at jakarta.servlet.http.HttpServlet.service(HttpServlet.java:590)
	at org.springframework.web.servlet.FrameworkServlet.service(FrameworkServlet.java:885)
	at jakarta.servlet.http.HttpServlet.service(HttpServlet.java:658)
	at org.apache.catalina.core.ApplicationFilterChain.internalDoFilter(ApplicationFilterChain.java:195)
	at org.apache.catalina.core.ApplicationFilterChain.doFilter(ApplicationFilterChain.java:140)
	at org.apache.tomcat.websocket.server.WsFilter.doFilter(WsFilter.java:51)
	at org.apache.catalina.core.ApplicationFilterChain.internalDoFilter(ApplicationFilterChain.java:164)
	at org.apache.catalina.core.ApplicationFilterChain.doFilter(ApplicationFilterChain.java:140)
	at org.springframework.web.filter.RequestContextFilter.doFilterInternal(RequestContextFilter.java:100)
	at org.springframework.web.filter.OncePerRequestFilter.doFilter(OncePerRequestFilter.java:116)
	at org.apache.catalina.core.ApplicationFilterChain.internalDoFilter(ApplicationFilterChain.java:164)
	at org.apache.catalina.core.ApplicationFilterChain.doFilter(ApplicationFilterChain.java:140)
	at org.springframework.web.filter.FormContentFilter.doFilterInternal(FormContentFilter.java:93)
	at org.springframework.web.filter.OncePerRequestFilter.doFilter(OncePerRequestFilter.java:116)
	at org.apache.catalina.core.ApplicationFilterChain.internalDoFilter(ApplicationFilterChain.java:164)
	at org.apache.catalina.core.ApplicationFilterChain.doFilter(ApplicationFilterChain.java:140)
	at org.springframework.web.filter.CharacterEncodingFilter.doFilterInternal(CharacterEncodingFilter.java:201)
	at org.springframework.web.filter.OncePerRequestFilter.doFilter(OncePerRequestFilter.java:116)
	at org.apache.catalina.core.ApplicationFilterChain.internalDoFilter(ApplicationFilterChain.java:164)
	at org.apache.catalina.core.ApplicationFilterChain.doFilter(ApplicationFilterChain.java:140)
	at org.apache.catalina.core.StandardWrapperValve.invoke(StandardWrapperValve.java:167)
	at org.apache.catalina.core.StandardContextValve.invoke(StandardContextValve.java:90)
	at org.apache.catalina.authenticator.AuthenticatorBase.invoke(AuthenticatorBase.java:483)
	at org.apache.catalina.core.StandardHostValve.invoke(StandardHostValve.java:116)
	at org.apache.catalina.valves.ErrorReportValve.invoke(ErrorReportValve.java:93)
	at org.apache.catalina.core.StandardEngineValve.invoke(StandardEngineValve.java:74)
	at org.apache.catalina.connector.CoyoteAdapter.service(CoyoteAdapter.java:344)
	at org.apache.coyote.http11.Http11Processor.service(Http11Processor.java:398)
	at org.apache.coyote.AbstractProcessorLight.process(AbstractProcessorLight.java:63)
	at org.apache.coyote.AbstractProtocol$ConnectionHandler.process(AbstractProtocol.java:903)
	at org.apache.tomcat.util.net.NioEndpoint$SocketProcessor.doRun(NioEndpoint.java:1769)
	at org.apache.tomcat.util.net.SocketProcessorBase.run(SocketProcessorBase.java:52)
	at org.apache.tomcat.util.threads.ThreadPoolExecutor.runWorker(ThreadPoolExecutor.java:1189)
	at org.apache.tomcat.util.threads.ThreadPoolExecutor$Worker.run(ThreadPoolExecutor.java:658)
	at org.apache.tomcat.util.threads.TaskThread$WrappingRunnable.run(TaskThread.java:63)
	at java.base/java.lang.Thread.run(Thread.java:1583)
11:35:07 INFO  c.e.d.c.LoginController - 사용자가 로그인을 시도했습니다!
11:35:07 INFO  c.e.d.c.LoginController - 로그인을 요청한 세션 ID : [84E99848FA56D5B4A747A0A3A7650407]
11:35:07 INFO  c.e.d.c.LoginController - 입력한 ID : ktech
11:35:07 INFO  c.e.d.c.LoginController - 입력한 PASSWORD : ktech!@#$
11:35:07 INFO  c.e.d.c.LoginController - 사용자가 로그인에 성공했습니다!
11:35:12 INFO  c.e.d.c.LoginController - 사용자가 로그인을 시도했습니다!
11:35:12 INFO  c.e.d.c.LoginController - 로그인을 요청한 세션 ID : [84E99848FA56D5B4A747A0A3A7650407]
11:35:12 INFO  c.e.d.c.LoginController - 입력한 ID : ktech
11:35:12 INFO  c.e.d.c.LoginController - 입력한 PASSWORD : ktech!@#$
11:35:13 INFO  c.e.d.c.LoginController - 사용자가 로그인에 성공했습니다!
11:35:14 INFO  c.e.d.c.EmployeesController - 사용자가 /employees 페이지를 요청함
11:35:15 INFO  c.e.d.c.DepartmentsController - 사용자가 /departments 페이지를 요청함
11:35:16 INFO  c.e.d.c.EmployeesController - 사용자가 /employees 페이지를 요청함
11:35:37 INFO  c.e.d.c.LoginController - 사용자가 로그인을 시도했습니다!
11:35:37 INFO  c.e.d.c.LoginController - 로그인을 요청한 세션 ID : [84E99848FA56D5B4A747A0A3A7650407]
11:35:37 INFO  c.e.d.c.LoginController - 입력한 ID : ktech
11:35:37 INFO  c.e.d.c.LoginController - 입력한 PASSWORD : ktech!@#$
11:35:37 INFO  c.e.d.c.LoginController - 사용자가 로그인에 성공했습니다!
11:35:39 INFO  c.e.d.c.EmployeesController - 사용자가 /employees 페이지를 요청함
11:35:41 INFO  c.e.d.c.EmployeesController - 사용자가 /employees 페이지를 요청함
11:35:46 INFO  c.e.d.c.DepartmentsController - 사용자가 /departments 페이지를 요청함
11:35:47 INFO  c.e.d.c.EmployeesController - 사용자가 /employees 페이지를 요청함
11:36:33 INFO  c.e.d.c.EmployeesController - 사용자가 /employees 페이지를 요청함
11:36:39 INFO  c.e.d.c.DepartmentsController - 사용자가 /departments 페이지를 요청함
11:36:47 WARN  o.s.w.s.m.m.a.ExceptionHandlerExceptionResolver - Resolved [org.springframework.web.servlet.resource.NoResourceFoundException: No static resource addDepartment.]
11:36:50 WARN  o.s.w.s.m.m.a.ExceptionHandlerExceptionResolver - Resolved [org.springframework.web.servlet.resource.NoResourceFoundException: No static resource .well-known/appspecific/com.chrome.devtools.json.]
11:37:21 INFO  c.e.d.c.DepartmentsController - 사용자가 /departments 페이지를 요청함
11:37:21 WARN  o.s.w.s.m.m.a.ExceptionHandlerExceptionResolver - Resolved [org.springframework.web.servlet.resource.NoResourceFoundException: No static resource .well-known/appspecific/com.chrome.devtools.json.]
11:37:27 WARN  o.s.w.s.m.m.a.ExceptionHandlerExceptionResolver - Resolved [org.springframework.web.servlet.resource.NoResourceFoundException: No static resource addDepartment.]
11:37:44 INFO  c.e.d.c.DepartmentsController - 사용자가 /departments 페이지를 요청함
11:37:44 WARN  o.s.w.s.m.m.a.ExceptionHandlerExceptionResolver - Resolved [org.springframework.web.servlet.resource.NoResourceFoundException: No static resource .well-known/appspecific/com.chrome.devtools.json.]
11:37:47 WARN  o.s.w.s.m.m.a.ExceptionHandlerExceptionResolver - Resolved [org.springframework.web.servlet.resource.NoResourceFoundException: No static resource addDepartment.]
11:38:00 INFO  c.e.d.c.DepartmentsController - 사용자가 /departments 페이지를 요청함
11:38:00 WARN  o.s.w.s.m.m.a.ExceptionHandlerExceptionResolver - Resolved [org.springframework.web.servlet.resource.NoResourceFoundException: No static resource .well-known/appspecific/com.chrome.devtools.json.]
11:38:00 INFO  c.e.d.c.DepartmentsController - 사용자가 /departments 페이지를 요청함
11:38:01 WARN  o.s.w.s.m.m.a.ExceptionHandlerExceptionResolver - Resolved [org.springframework.web.servlet.resource.NoResourceFoundException: No static resource .well-known/appspecific/com.chrome.devtools.json.]
11:38:01 INFO  c.e.d.c.DepartmentsController - 사용자가 /departments 페이지를 요청함
11:38:01 WARN  o.s.w.s.m.m.a.ExceptionHandlerExceptionResolver - Resolved [org.springframework.web.servlet.resource.NoResourceFoundException: No static resource .well-known/appspecific/com.chrome.devtools.json.]
11:38:01 INFO  c.e.d.c.DepartmentsController - 사용자가 /departments 페이지를 요청함
11:38:01 WARN  o.s.w.s.m.m.a.ExceptionHandlerExceptionResolver - Resolved [org.springframework.web.servlet.resource.NoResourceFoundException: No static resource .well-known/appspecific/com.chrome.devtools.json.]
11:38:28 INFO  c.e.d.c.DepartmentsController - 사용자가 /departments 페이지를 요청함
11:38:28 WARN  o.s.w.s.m.m.a.ExceptionHandlerExceptionResolver - Resolved [org.springframework.web.servlet.resource.NoResourceFoundException: No static resource .well-known/appspecific/com.chrome.devtools.json.]
11:38:44 WARN  o.s.w.s.m.m.a.ExceptionHandlerExceptionResolver - Resolved [org.springframework.web.servlet.resource.NoResourceFoundException: No static resource addDepartment.]
11:38:47 INFO  c.e.d.c.DepartmentsController - 사용자가 /departments 페이지를 요청함
11:38:47 WARN  o.s.w.s.m.m.a.ExceptionHandlerExceptionResolver - Resolved [org.springframework.web.servlet.resource.NoResourceFoundException: No static resource .well-known/appspecific/com.chrome.devtools.json.]
11:39:48 INFO  c.e.d.c.DepartmentsController - 사용자가 /departments 페이지를 요청함
11:39:48 WARN  o.s.w.s.m.m.a.ExceptionHandlerExceptionResolver - Resolved [org.springframework.web.servlet.resource.NoResourceFoundException: No static resource .well-known/appspecific/com.chrome.devtools.json.]
11:39:55 INFO  c.e.d.c.DepartmentsController - 사용자가 /departments 페이지를 요청함
11:39:55 WARN  o.s.w.s.m.m.a.ExceptionHandlerExceptionResolver - Resolved [org.springframework.web.servlet.resource.NoResourceFoundException: No static resource .well-known/appspecific/com.chrome.devtools.json.]
11:39:56 INFO  c.e.d.c.DepartmentsController - 사용자가 /departments 페이지를 요청함
11:39:56 WARN  o.s.w.s.m.m.a.ExceptionHandlerExceptionResolver - Resolved [org.springframework.web.servlet.resource.NoResourceFoundException: No static resource .well-known/appspecific/com.chrome.devtools.json.]
11:39:57 INFO  c.e.d.c.DepartmentsController - 사용자가 /departments 페이지를 요청함
11:39:57 WARN  o.s.w.s.m.m.a.ExceptionHandlerExceptionResolver - Resolved [org.springframework.web.servlet.resource.NoResourceFoundException: No static resource .well-known/appspecific/com.chrome.devtools.json.]
11:39:57 INFO  c.e.d.c.DepartmentsController - 사용자가 /departments 페이지를 요청함
11:39:57 WARN  o.s.w.s.m.m.a.ExceptionHandlerExceptionResolver - Resolved [org.springframework.web.servlet.resource.NoResourceFoundException: No static resource .well-known/appspecific/com.chrome.devtools.json.]
11:43:57 INFO  c.e.d.c.DepartmentsController - 사용자가 /departments 페이지를 요청함
11:43:57 WARN  o.s.w.s.m.m.a.ExceptionHandlerExceptionResolver - Resolved [org.springframework.web.servlet.resource.NoResourceFoundException: No static resource .well-known/appspecific/com.chrome.devtools.json.]
11:44:05 INFO  c.e.d.c.DepartmentsController - 사용자가 /departments 페이지를 요청함
11:44:07 INFO  c.e.d.c.DepartmentsController - 사용자가 /departments 페이지를 요청함
11:44:07 INFO  c.e.d.c.DepartmentsController - 사용자가 /departments 페이지를 요청함
11:44:10 WARN  o.s.w.s.m.m.a.ExceptionHandlerExceptionResolver - Resolved [org.springframework.web.servlet.resource.NoResourceFoundException: No static resource .well-known/appspecific/com.chrome.devtools.json.]
11:44:30 WARN  o.s.w.s.m.m.a.ExceptionHandlerExceptionResolver - Resolved [org.springframework.web.servlet.resource.NoResourceFoundException: No static resource .well-known/appspecific/com.chrome.devtools.json.]
11:44:34 WARN  o.m.j.m.s.ErrorPacket - Error: 1062-23000: Duplicate entry '' for key 'PRIMARY'
11:44:38 INFO  c.e.d.c.DepartmentsController - 사용자가 /departments 페이지를 요청함
11:44:38 WARN  o.s.w.s.m.m.a.ExceptionHandlerExceptionResolver - Resolved [org.springframework.web.servlet.resource.NoResourceFoundException: No static resource .well-known/appspecific/com.chrome.devtools.json.]
11:44:47 INFO  o.s.b.a.SpringApplicationAdminMXBeanRegistrar$SpringApplicationAdmin - Application shutdown requested.
11:44:47 INFO  o.s.b.w.e.t.GracefulShutdown - Commencing graceful shutdown. Waiting for active requests to complete
11:44:47 INFO  o.a.c.h.Http11NioProtocol - Pausing ProtocolHandler ["http-nio-8080"]
11:44:47 INFO  o.s.b.w.e.t.GracefulShutdown - Graceful shutdown complete
11:44:47 INFO  o.a.c.h.Http11NioProtocol - Stopping ProtocolHandler ["http-nio-8080"]
11:44:47 INFO  c.z.h.HikariDataSource - HikariPool-1 - Shutdown initiated...
11:44:47 INFO  c.z.h.HikariDataSource - HikariPool-1 - Shutdown completed.
11:44:47 INFO  c.z.h.HikariDataSource - HikariPool-2 - Shutdown initiated...
11:44:47 INFO  c.z.h.HikariDataSource - HikariPool-2 - Shutdown completed.
11:44:53 INFO  c.e.d.FirstWebApplication - Starting FirstWebApplication using Java 21.0.7 with PID 2532 (D:\Java\workspace\first_web\bin\main started by Administrator in D:\Java\workspace\first_web)
11:44:53 INFO  c.e.d.FirstWebApplication - No active profile set, falling back to 1 default profile: "default"
11:44:53 INFO  o.s.b.d.e.DevToolsPropertyDefaultsPostProcessor - Devtools property defaults active! Set 'spring.devtools.add-properties' to 'false' to disable
11:44:53 INFO  o.s.b.d.e.DevToolsPropertyDefaultsPostProcessor - For additional web related logging consider setting the 'logging.level.web' property to 'DEBUG'
11:44:55 INFO  o.s.b.w.e.t.TomcatWebServer - Tomcat initialized with port 8080 (http)
11:44:55 INFO  o.a.c.h.Http11NioProtocol - Initializing ProtocolHandler ["http-nio-8080"]
11:44:55 INFO  o.a.c.c.StandardService - Starting service [Tomcat]
11:44:55 INFO  o.a.c.c.StandardEngine - Starting Servlet engine: [Apache Tomcat/10.1.44]
11:44:55 INFO  o.a.c.c.C.[.[.[/] - Initializing Spring embedded WebApplicationContext
11:44:55 INFO  o.s.b.w.s.c.ServletWebServerApplicationContext - Root WebApplicationContext: initialization completed in 2532 ms
11:44:57 INFO  o.s.b.a.w.s.WelcomePageHandlerMapping - Adding welcome page: class path resource [static/index.html]
11:44:57 INFO  o.s.b.d.a.OptionalLiveReloadServer - LiveReload server is running on port 35729
11:44:57 INFO  o.a.c.h.Http11NioProtocol - Starting ProtocolHandler ["http-nio-8080"]
11:44:57 INFO  o.s.b.w.e.t.TomcatWebServer - Tomcat started on port 8080 (http) with context path '/'
11:44:57 INFO  c.e.d.FirstWebApplication - Started FirstWebApplication in 5.424 seconds (process running for 9.371)
11:44:58 INFO  o.a.c.c.C.[.[.[/] - Initializing Spring DispatcherServlet 'dispatcherServlet'
11:44:58 INFO  o.s.w.s.DispatcherServlet - Initializing Servlet 'dispatcherServlet'
11:44:58 INFO  o.s.w.s.DispatcherServlet - Completed initialization in 1 ms
11:44:58 WARN  o.s.w.s.m.m.a.ExceptionHandlerExceptionResolver - Resolved [com.example.demo.exception.SessionExpiredException: session expired : 84E99848FA56D5B4A747A0A3A7650407]
11:44:58 WARN  o.s.w.s.m.m.a.ExceptionHandlerExceptionResolver - Resolved [org.springframework.web.servlet.resource.NoResourceFoundException: No static resource .well-known/appspecific/com.chrome.devtools.json.]
11:45:05 INFO  c.e.d.c.LoginController - 사용자가 로그인을 시도했습니다!
11:45:05 INFO  c.e.d.c.LoginController - 로그인을 요청한 세션 ID : [84E99848FA56D5B4A747A0A3A7650407]
11:45:05 INFO  c.e.d.c.LoginController - 입력한 ID : ktech
11:45:05 INFO  c.e.d.c.LoginController - 입력한 PASSWORD : ktech!@#$
11:45:05 INFO  c.z.h.HikariDataSource - HikariPool-1 - Starting...
11:45:05 INFO  c.z.h.p.HikariPool - HikariPool-1 - Added connection org.mariadb.jdbc.Connection@2e3abc6a
11:45:05 INFO  c.z.h.HikariDataSource - HikariPool-1 - Start completed.
11:45:05 INFO  c.e.d.c.LoginController - 사용자가 로그인에 성공했습니다!
11:45:05 WARN  o.s.w.s.m.m.a.ExceptionHandlerExceptionResolver - Resolved [org.springframework.web.servlet.resource.NoResourceFoundException: No static resource .well-known/appspecific/com.chrome.devtools.json.]
11:45:09 WARN  o.s.w.s.m.m.a.ExceptionHandlerExceptionResolver - Resolved [org.springframework.web.servlet.resource.NoResourceFoundException: No static resource dashboard.]
11:45:16 INFO  c.z.h.HikariDataSource - HikariPool-2 - Starting...
11:45:16 INFO  c.z.h.p.HikariPool - HikariPool-2 - Added connection org.mariadb.jdbc.Connection@69b9ec92
11:45:16 INFO  c.z.h.HikariDataSource - HikariPool-2 - Start completed.
11:45:16 INFO  c.e.d.c.DepartmentsController - 사용자가 /departments 페이지를 요청함
11:45:37 INFO  c.e.d.c.DepartmentsController - 사용자가 /departments 페이지를 요청함
11:46:21 INFO  c.e.d.c.DepartmentsController - 사용자가 /departments 페이지를 요청함
11:46:23 WARN  o.m.j.m.s.ErrorPacket - Error: 1062-23000: Duplicate entry '' for key 'PRIMARY'
11:46:24 WARN  o.s.w.s.m.m.a.ExceptionHandlerExceptionResolver - Resolved [org.springframework.web.servlet.resource.NoResourceFoundException: No static resource .well-known/appspecific/com.chrome.devtools.json.]
11:49:25 INFO  c.e.d.c.DepartmentsController - 사용자가 /departments 페이지를 요청함
11:49:25 WARN  o.s.w.s.m.m.a.ExceptionHandlerExceptionResolver - Resolved [org.springframework.web.servlet.resource.NoResourceFoundException: No static resource .well-known/appspecific/com.chrome.devtools.json.]
11:49:27 WARN  o.m.j.m.s.ErrorPacket - Error: 1062-23000: Duplicate entry '' for key 'PRIMARY'
11:49:28 INFO  c.e.d.c.DepartmentsController - 사용자가 /departments 페이지를 요청함
11:49:28 WARN  o.s.w.s.m.m.a.ExceptionHandlerExceptionResolver - Resolved [org.springframework.web.servlet.resource.NoResourceFoundException: No static resource .well-known/appspecific/com.chrome.devtools.json.]
11:49:29 INFO  c.e.d.c.DepartmentsController - 사용자가 /departments 페이지를 요청함
11:49:29 WARN  o.s.w.s.m.m.a.ExceptionHandlerExceptionResolver - Resolved [org.springframework.web.servlet.resource.NoResourceFoundException: No static resource .well-known/appspecific/com.chrome.devtools.json.]
11:49:29 INFO  c.e.d.c.DepartmentsController - 사용자가 /departments 페이지를 요청함
11:49:29 WARN  o.s.w.s.m.m.a.ExceptionHandlerExceptionResolver - Resolved [org.springframework.web.servlet.resource.NoResourceFoundException: No static resource .well-known/appspecific/com.chrome.devtools.json.]
12:03:23 INFO  c.e.d.c.DepartmentsController - 사용자가 /departments 페이지를 요청함
12:03:23 WARN  o.s.w.s.m.m.a.ExceptionHandlerExceptionResolver - Resolved [org.springframework.web.servlet.resource.NoResourceFoundException: No static resource .well-known/appspecific/com.chrome.devtools.json.]
12:03:23 INFO  c.e.d.c.DepartmentsController - 사용자가 /departments 페이지를 요청함
12:03:23 WARN  o.s.w.s.m.m.a.ExceptionHandlerExceptionResolver - Resolved [org.springframework.web.servlet.resource.NoResourceFoundException: No static resource .well-known/appspecific/com.chrome.devtools.json.]
12:03:25 INFO  c.e.d.c.DepartmentsController - 사용자가 /departments 페이지를 요청함
12:03:25 WARN  o.s.w.s.m.m.a.ExceptionHandlerExceptionResolver - Resolved [org.springframework.web.servlet.resource.NoResourceFoundException: No static resource .well-known/appspecific/com.chrome.devtools.json.]
12:03:26 INFO  c.e.d.c.DepartmentsController - 사용자가 /departments 페이지를 요청함
12:03:26 WARN  o.s.w.s.m.m.a.ExceptionHandlerExceptionResolver - Resolved [org.springframework.web.servlet.resource.NoResourceFoundException: No static resource .well-known/appspecific/com.chrome.devtools.json.]
12:03:26 INFO  c.e.d.c.DepartmentsController - 사용자가 /departments 페이지를 요청함
12:03:26 WARN  o.s.w.s.m.m.a.ExceptionHandlerExceptionResolver - Resolved [org.springframework.web.servlet.resource.NoResourceFoundException: No static resource .well-known/appspecific/com.chrome.devtools.json.]
12:03:26 INFO  c.e.d.c.DepartmentsController - 사용자가 /departments 페이지를 요청함
12:03:26 WARN  o.s.w.s.m.m.a.ExceptionHandlerExceptionResolver - Resolved [org.springframework.web.servlet.resource.NoResourceFoundException: No static resource .well-known/appspecific/com.chrome.devtools.json.]
12:04:02 INFO  c.e.d.c.DepartmentsController - 사용자가 /departments 페이지를 요청함
12:04:02 WARN  o.s.w.s.m.m.a.ExceptionHandlerExceptionResolver - Resolved [org.springframework.web.servlet.resource.NoResourceFoundException: No static resource .well-known/appspecific/com.chrome.devtools.json.]
12:04:02 INFO  c.e.d.c.DepartmentsController - 사용자가 /departments 페이지를 요청함
12:04:02 WARN  o.s.w.s.m.m.a.ExceptionHandlerExceptionResolver - Resolved [org.springframework.web.servlet.resource.NoResourceFoundException: No static resource .well-known/appspecific/com.chrome.devtools.json.]
12:04:50 INFO  c.e.d.c.DepartmentsController - 사용자가 /departments 페이지를 요청함
12:04:51 INFO  c.e.d.c.DepartmentsController - 사용자가 /departments 페이지를 요청함
12:04:52 INFO  o.s.b.a.SpringApplicationAdminMXBeanRegistrar$SpringApplicationAdmin - Application shutdown requested.
12:04:52 INFO  o.s.b.w.e.t.GracefulShutdown - Commencing graceful shutdown. Waiting for active requests to complete
12:04:52 INFO  o.a.c.h.Http11NioProtocol - Pausing ProtocolHandler ["http-nio-8080"]
12:04:52 INFO  o.s.b.w.e.t.GracefulShutdown - Graceful shutdown complete
12:04:52 INFO  o.a.c.h.Http11NioProtocol - Stopping ProtocolHandler ["http-nio-8080"]
12:04:52 INFO  c.z.h.HikariDataSource - HikariPool-1 - Shutdown initiated...
12:04:52 INFO  c.z.h.HikariDataSource - HikariPool-1 - Shutdown completed.
12:04:52 INFO  c.z.h.HikariDataSource - HikariPool-2 - Shutdown initiated...
12:04:52 INFO  c.z.h.HikariDataSource - HikariPool-2 - Shutdown completed.
12:05:00 INFO  c.e.d.FirstWebApplication - Starting FirstWebApplication using Java 21.0.7 with PID 11740 (D:\Java\workspace\first_web\bin\main started by Administrator in D:\Java\workspace\first_web)
12:05:00 INFO  c.e.d.FirstWebApplication - No active profile set, falling back to 1 default profile: "default"
12:05:00 INFO  o.s.b.d.e.DevToolsPropertyDefaultsPostProcessor - Devtools property defaults active! Set 'spring.devtools.add-properties' to 'false' to disable
12:05:00 INFO  o.s.b.d.e.DevToolsPropertyDefaultsPostProcessor - For additional web related logging consider setting the 'logging.level.web' property to 'DEBUG'
12:05:01 INFO  o.s.b.w.e.t.TomcatWebServer - Tomcat initialized with port 8080 (http)
12:05:01 INFO  o.a.c.h.Http11NioProtocol - Initializing ProtocolHandler ["http-nio-8080"]
12:05:01 INFO  o.a.c.c.StandardService - Starting service [Tomcat]
12:05:01 INFO  o.a.c.c.StandardEngine - Starting Servlet engine: [Apache Tomcat/10.1.44]
12:05:01 INFO  o.a.c.c.C.[.[.[/] - Initializing Spring embedded WebApplicationContext
12:05:01 INFO  o.s.b.w.s.c.ServletWebServerApplicationContext - Root WebApplicationContext: initialization completed in 1617 ms
12:05:02 INFO  o.s.b.a.w.s.WelcomePageHandlerMapping - Adding welcome page: class path resource [static/index.html]
12:05:03 INFO  o.s.b.d.a.OptionalLiveReloadServer - LiveReload server is running on port 35729
12:05:03 INFO  o.a.c.h.Http11NioProtocol - Starting ProtocolHandler ["http-nio-8080"]
12:05:03 INFO  o.s.b.w.e.t.TomcatWebServer - Tomcat started on port 8080 (http) with context path '/'
12:05:03 INFO  c.e.d.FirstWebApplication - Started FirstWebApplication in 3.856 seconds (process running for 4.682)
12:05:03 INFO  o.a.c.c.C.[.[.[/] - Initializing Spring DispatcherServlet 'dispatcherServlet'
12:05:03 INFO  o.s.w.s.DispatcherServlet - Initializing Servlet 'dispatcherServlet'
12:05:03 INFO  o.s.w.s.DispatcherServlet - Completed initialization in 1 ms
12:05:03 WARN  o.s.w.s.m.m.a.ExceptionHandlerExceptionResolver - Resolved [com.example.demo.exception.SessionExpiredException: session expired : 84E99848FA56D5B4A747A0A3A7650407]
12:05:07 INFO  c.e.d.c.LoginController - 사용자가 로그인을 시도했습니다!
12:05:07 INFO  c.e.d.c.LoginController - 로그인을 요청한 세션 ID : [84E99848FA56D5B4A747A0A3A7650407]
12:05:07 INFO  c.e.d.c.LoginController - 입력한 ID : ktech
12:05:07 INFO  c.e.d.c.LoginController - 입력한 PASSWORD : ktech!@#$
12:05:07 INFO  c.z.h.HikariDataSource - HikariPool-1 - Starting...
12:05:07 INFO  c.z.h.p.HikariPool - HikariPool-1 - Added connection org.mariadb.jdbc.Connection@679852c5
12:05:07 INFO  c.z.h.HikariDataSource - HikariPool-1 - Start completed.
12:05:07 INFO  c.e.d.c.LoginController - 사용자가 로그인에 성공했습니다!
12:05:13 INFO  c.z.h.HikariDataSource - HikariPool-2 - Starting...
12:05:13 INFO  c.z.h.p.HikariPool - HikariPool-2 - Added connection org.mariadb.jdbc.Connection@5ed31a67
12:05:13 INFO  c.z.h.HikariDataSource - HikariPool-2 - Start completed.
12:05:13 INFO  c.e.d.c.DepartmentsController - 사용자가 /departments 페이지를 요청함
12:05:14 INFO  c.e.d.c.EmployeesController - 사용자가 /employees 페이지를 요청함
12:05:15 INFO  c.e.d.c.DepartmentsController - 사용자가 /departments 페이지를 요청함
12:05:37 INFO  c.e.d.c.DepartmentsController - 사용자가 /departments 페이지를 요청함
12:05:38 INFO  c.e.d.c.DepartmentsController - 사용자가 /departments 페이지를 요청함
12:05:38 INFO  c.e.d.c.DepartmentsController - 사용자가 /departments 페이지를 요청함
12:05:53 INFO  c.e.d.c.DepartmentsController - 사용자가 /departments 페이지를 요청함
12:05:56 INFO  o.s.b.a.SpringApplicationAdminMXBeanRegistrar$SpringApplicationAdmin - Application shutdown requested.
12:05:56 INFO  o.s.b.w.e.t.GracefulShutdown - Commencing graceful shutdown. Waiting for active requests to complete
12:05:56 INFO  o.a.c.h.Http11NioProtocol - Pausing ProtocolHandler ["http-nio-8080"]
12:05:56 INFO  o.s.b.w.e.t.GracefulShutdown - Graceful shutdown complete
12:05:56 INFO  o.a.c.h.Http11NioProtocol - Stopping ProtocolHandler ["http-nio-8080"]
12:05:56 INFO  c.z.h.HikariDataSource - HikariPool-1 - Shutdown initiated...
12:05:56 INFO  c.z.h.HikariDataSource - HikariPool-1 - Shutdown completed.
12:05:56 INFO  c.z.h.HikariDataSource - HikariPool-2 - Shutdown initiated...
12:05:56 INFO  c.z.h.HikariDataSource - HikariPool-2 - Shutdown completed.
12:05:58 INFO  c.e.d.FirstWebApplication - Starting FirstWebApplication using Java 21.0.7 with PID 17056 (D:\Java\workspace\first_web\bin\main started by Administrator in D:\Java\workspace\first_web)
12:05:58 INFO  c.e.d.FirstWebApplication - No active profile set, falling back to 1 default profile: "default"
12:05:58 INFO  o.s.b.d.e.DevToolsPropertyDefaultsPostProcessor - Devtools property defaults active! Set 'spring.devtools.add-properties' to 'false' to disable
12:05:58 INFO  o.s.b.d.e.DevToolsPropertyDefaultsPostProcessor - For additional web related logging consider setting the 'logging.level.web' property to 'DEBUG'
12:06:00 INFO  o.s.b.w.e.t.TomcatWebServer - Tomcat initialized with port 8080 (http)
12:06:00 INFO  o.a.c.h.Http11NioProtocol - Initializing ProtocolHandler ["http-nio-8080"]
12:06:00 INFO  o.a.c.c.StandardService - Starting service [Tomcat]
12:06:00 INFO  o.a.c.c.StandardEngine - Starting Servlet engine: [Apache Tomcat/10.1.44]
12:06:00 INFO  o.a.c.c.C.[.[.[/] - Initializing Spring embedded WebApplicationContext
12:06:00 INFO  o.s.b.w.s.c.ServletWebServerApplicationContext - Root WebApplicationContext: initialization completed in 1486 ms
12:06:00 INFO  o.s.b.a.w.s.WelcomePageHandlerMapping - Adding welcome page: class path resource [static/index.html]
12:06:01 INFO  o.s.b.d.a.OptionalLiveReloadServer - LiveReload server is running on port 35729
12:06:01 INFO  o.a.c.h.Http11NioProtocol - Starting ProtocolHandler ["http-nio-8080"]
12:06:01 INFO  o.s.b.w.e.t.TomcatWebServer - Tomcat started on port 8080 (http) with context path '/'
12:06:01 INFO  c.e.d.FirstWebApplication - Started FirstWebApplication in 3.603 seconds (process running for 4.389)
12:06:07 INFO  o.a.c.c.C.[.[.[/] - Initializing Spring DispatcherServlet 'dispatcherServlet'
12:06:07 INFO  o.s.w.s.DispatcherServlet - Initializing Servlet 'dispatcherServlet'
12:06:07 INFO  o.s.w.s.DispatcherServlet - Completed initialization in 1 ms
12:06:07 WARN  o.s.w.s.m.m.a.ExceptionHandlerExceptionResolver - Resolved [com.example.demo.exception.SessionExpiredException: session expired : 84E99848FA56D5B4A747A0A3A7650407]
12:06:10 INFO  c.e.d.c.LoginController - 사용자가 로그인을 시도했습니다!
12:06:10 INFO  c.e.d.c.LoginController - 로그인을 요청한 세션 ID : [84E99848FA56D5B4A747A0A3A7650407]
12:06:10 INFO  c.e.d.c.LoginController - 입력한 ID : ktech
12:06:10 INFO  c.e.d.c.LoginController - 입력한 PASSWORD : ktech!@#$
12:06:11 INFO  c.z.h.HikariDataSource - HikariPool-1 - Starting...
12:06:11 INFO  c.z.h.p.HikariPool - HikariPool-1 - Added connection org.mariadb.jdbc.Connection@503a8f7b
12:06:11 INFO  c.z.h.HikariDataSource - HikariPool-1 - Start completed.
12:06:11 INFO  c.e.d.c.LoginController - 사용자가 로그인에 성공했습니다!
12:06:13 INFO  c.z.h.HikariDataSource - HikariPool-2 - Starting...
12:06:13 INFO  c.z.h.p.HikariPool - HikariPool-2 - Added connection org.mariadb.jdbc.Connection@12e8b7c3
12:06:13 INFO  c.z.h.HikariDataSource - HikariPool-2 - Start completed.
12:06:13 INFO  c.e.d.c.DepartmentsController - 사용자가 /departments 페이지를 요청함
12:06:24 INFO  c.e.d.c.DepartmentsController - 사용자가 /departments 페이지를 요청함
12:06:26 INFO  c.e.d.c.DepartmentsController - 사용자가 /departments 페이지를 요청함
12:06:27 INFO  c.e.d.c.EmployeesController - 사용자가 /employees 페이지를 요청함
12:06:27 INFO  c.e.d.c.EmployeesController - 사용자가 /employees 페이지를 요청함
12:06:28 INFO  c.e.d.c.DepartmentsController - 사용자가 /departments 페이지를 요청함
12:06:31 INFO  c.e.d.c.EmployeesController - 사용자가 /employees 페이지를 요청함
12:06:33 INFO  c.e.d.c.EmployeesController - 사용자가 /employees 페이지를 요청함
12:06:33 INFO  c.e.d.c.DepartmentsController - 사용자가 /departments 페이지를 요청함
12:06:39 WARN  o.s.w.s.m.m.a.ExceptionHandlerExceptionResolver - Resolved [org.springframework.web.servlet.resource.NoResourceFoundException: No static resource .well-known/appspecific/com.chrome.devtools.json.]
12:06:42 INFO  c.e.d.c.DepartmentsController - 사용자가 /departments 페이지를 요청함
12:06:44 INFO  c.e.d.c.EmployeesController - 사용자가 /employees 페이지를 요청함
12:06:45 INFO  c.e.d.c.DepartmentsController - 사용자가 /departments 페이지를 요청함
12:06:50 INFO  c.e.d.c.DepartmentsController - 사용자가 /departments 페이지를 요청함
12:06:51 INFO  c.e.d.c.EmployeesController - 사용자가 /employees 페이지를 요청함
12:06:52 INFO  c.e.d.c.DepartmentsController - 사용자가 /departments 페이지를 요청함
12:06:57 INFO  c.e.d.c.DepartmentsController - 사용자가 /departments 페이지를 요청함
12:06:58 INFO  c.e.d.c.EmployeesController - 사용자가 /employees 페이지를 요청함
12:06:59 INFO  c.e.d.c.EmployeesController - 사용자가 /employees 페이지를 요청함
12:07:00 INFO  c.e.d.c.DepartmentsController - 사용자가 /departments 페이지를 요청함
12:07:02 INFO  c.e.d.c.EmployeesController - 사용자가 /employees 페이지를 요청함
12:10:07 INFO  c.e.d.c.EmployeesController - 사용자가 /employees 페이지를 요청함
12:10:10 WARN  o.s.w.s.m.m.a.ExceptionHandlerExceptionResolver - Resolved [org.springframework.web.servlet.resource.NoResourceFoundException: No static resource .well-known/appspecific/com.chrome.devtools.json.]
12:11:32 INFO  c.e.d.c.EmployeesController - 사용자가 /employees 페이지를 요청함
12:11:32 WARN  o.s.w.s.m.m.a.ExceptionHandlerExceptionResolver - Resolved [org.springframework.web.servlet.resource.NoResourceFoundException: No static resource .well-known/appspecific/com.chrome.devtools.json.]
12:11:41 WARN  o.s.w.s.m.m.a.ExceptionHandlerExceptionResolver - Resolved [org.springframework.web.servlet.resource.NoResourceFoundException: No static resource .well-known/appspecific/com.chrome.devtools.json.]
12:11:45 INFO  c.e.d.c.DepartmentsController - 사용자가 /departments 페이지를 요청함
12:11:46 INFO  c.e.d.c.EmployeesController - 사용자가 /employees 페이지를 요청함
12:17:00 INFO  o.s.b.d.a.LocalDevToolsAutoConfiguration$RestartingClassPathChangeChangedEventListener - Restarting due to 1 class path change (0 additions, 0 deletions, 1 modification)
12:17:00 INFO  o.s.b.w.e.t.GracefulShutdown - Commencing graceful shutdown. Waiting for active requests to complete
12:17:00 INFO  o.a.c.h.Http11NioProtocol - Pausing ProtocolHandler ["http-nio-8080"]
12:17:00 INFO  o.s.b.w.e.t.GracefulShutdown - Graceful shutdown complete
12:17:00 INFO  o.a.c.h.Http11NioProtocol - Stopping ProtocolHandler ["http-nio-8080"]
12:17:00 INFO  c.z.h.HikariDataSource - HikariPool-1 - Shutdown initiated...
12:17:00 INFO  c.z.h.HikariDataSource - HikariPool-1 - Shutdown completed.
12:17:00 INFO  c.z.h.HikariDataSource - HikariPool-2 - Shutdown initiated...
12:17:00 INFO  c.z.h.HikariDataSource - HikariPool-2 - Shutdown completed.
12:17:01 INFO  c.e.d.FirstWebApplication - Starting FirstWebApplication using Java 21.0.7 with PID 17056 (D:\Java\workspace\first_web\bin\main started by Administrator in D:\Java\workspace\first_web)
12:17:01 INFO  c.e.d.FirstWebApplication - No active profile set, falling back to 1 default profile: "default"
12:17:01 INFO  o.s.b.w.e.t.TomcatWebServer - Tomcat initialized with port 8080 (http)
12:17:01 INFO  o.a.c.h.Http11NioProtocol - Initializing ProtocolHandler ["http-nio-8080"]
12:17:01 INFO  o.a.c.c.StandardService - Starting service [Tomcat]
12:17:01 INFO  o.a.c.c.StandardEngine - Starting Servlet engine: [Apache Tomcat/10.1.44]
12:17:01 INFO  o.a.c.c.C.[.[.[/] - Initializing Spring embedded WebApplicationContext
12:17:01 INFO  o.s.b.w.s.c.ServletWebServerApplicationContext - Root WebApplicationContext: initialization completed in 494 ms
12:17:01 INFO  o.s.b.a.w.s.WelcomePageHandlerMapping - Adding welcome page: class path resource [static/index.html]
12:17:02 INFO  o.s.b.d.a.OptionalLiveReloadServer - LiveReload server is running on port 35729
12:17:02 INFO  o.a.c.h.Http11NioProtocol - Starting ProtocolHandler ["http-nio-8080"]
12:17:02 INFO  o.s.b.w.e.t.TomcatWebServer - Tomcat started on port 8080 (http) with context path '/'
12:17:02 INFO  c.e.d.FirstWebApplication - Started FirstWebApplication in 1.16 seconds (process running for 665.052)
12:17:02 INFO  o.s.b.d.a.ConditionEvaluationDeltaLoggingListener - Condition evaluation unchanged
12:17:03 INFO  o.s.b.a.SpringApplicationAdminMXBeanRegistrar$SpringApplicationAdmin - Application shutdown requested.
12:17:03 INFO  o.s.b.w.e.t.GracefulShutdown - Commencing graceful shutdown. Waiting for active requests to complete
12:17:03 INFO  o.a.c.h.Http11NioProtocol - Pausing ProtocolHandler ["http-nio-8080"]
12:17:03 INFO  o.s.b.w.e.t.GracefulShutdown - Graceful shutdown complete
12:17:03 INFO  o.a.c.h.Http11NioProtocol - Stopping ProtocolHandler ["http-nio-8080"]
12:34:57 INFO  c.e.d.FirstWebApplication - Starting FirstWebApplication using Java 21.0.7 with PID 15308 (D:\Java\workspace\first_web\bin\main started by Administrator in D:\Java\workspace\first_web)
12:34:57 INFO  c.e.d.FirstWebApplication - No active profile set, falling back to 1 default profile: "default"
12:34:57 INFO  o.s.b.d.e.DevToolsPropertyDefaultsPostProcessor - Devtools property defaults active! Set 'spring.devtools.add-properties' to 'false' to disable
12:34:57 INFO  o.s.b.d.e.DevToolsPropertyDefaultsPostProcessor - For additional web related logging consider setting the 'logging.level.web' property to 'DEBUG'
12:34:59 INFO  o.s.b.w.e.t.TomcatWebServer - Tomcat initialized with port 8080 (http)
12:34:59 INFO  o.a.c.h.Http11NioProtocol - Initializing ProtocolHandler ["http-nio-8080"]
12:34:59 INFO  o.a.c.c.StandardService - Starting service [Tomcat]
12:34:59 INFO  o.a.c.c.StandardEngine - Starting Servlet engine: [Apache Tomcat/10.1.44]
12:34:59 INFO  o.a.c.c.C.[.[.[/] - Initializing Spring embedded WebApplicationContext
12:34:59 INFO  o.s.b.w.s.c.ServletWebServerApplicationContext - Root WebApplicationContext: initialization completed in 1641 ms
12:35:00 INFO  o.s.b.a.w.s.WelcomePageHandlerMapping - Adding welcome page: class path resource [static/index.html]
12:35:00 INFO  o.s.b.d.a.OptionalLiveReloadServer - LiveReload server is running on port 35729
12:35:00 INFO  o.a.c.h.Http11NioProtocol - Starting ProtocolHandler ["http-nio-8080"]
12:35:00 INFO  o.s.b.w.e.t.TomcatWebServer - Tomcat started on port 8080 (http) with context path '/'
12:35:00 INFO  c.e.d.FirstWebApplication - Started FirstWebApplication in 3.869 seconds (process running for 4.798)
12:35:02 INFO  o.a.c.c.C.[.[.[/] - Initializing Spring DispatcherServlet 'dispatcherServlet'
12:35:02 INFO  o.s.w.s.DispatcherServlet - Initializing Servlet 'dispatcherServlet'
12:35:02 INFO  o.s.w.s.DispatcherServlet - Completed initialization in 1 ms
12:35:02 WARN  o.s.w.s.m.m.a.ExceptionHandlerExceptionResolver - Resolved [java.lang.IllegalArgumentException: Name for argument of type [int] not specified, and parameter name information not available via reflection. Ensure that the compiler uses the '-parameters' flag.]
12:37:12 INFO  o.s.b.d.a.LocalDevToolsAutoConfiguration$RestartingClassPathChangeChangedEventListener - Restarting due to 1 class path change (0 additions, 0 deletions, 1 modification)
12:37:12 INFO  o.s.b.w.e.t.GracefulShutdown - Commencing graceful shutdown. Waiting for active requests to complete
12:37:12 INFO  o.a.c.h.Http11NioProtocol - Pausing ProtocolHandler ["http-nio-8080"]
12:37:12 INFO  o.s.b.w.e.t.GracefulShutdown - Graceful shutdown complete
12:37:12 INFO  o.a.c.h.Http11NioProtocol - Stopping ProtocolHandler ["http-nio-8080"]
12:37:12 INFO  c.e.d.FirstWebApplication - Starting FirstWebApplication using Java 21.0.7 with PID 15308 (D:\Java\workspace\first_web\bin\main started by Administrator in D:\Java\workspace\first_web)
12:37:12 INFO  c.e.d.FirstWebApplication - No active profile set, falling back to 1 default profile: "default"
12:37:12 INFO  o.s.b.w.e.t.TomcatWebServer - Tomcat initialized with port 8080 (http)
12:37:12 INFO  o.a.c.h.Http11NioProtocol - Initializing ProtocolHandler ["http-nio-8080"]
12:37:12 INFO  o.a.c.c.StandardService - Starting service [Tomcat]
12:37:12 INFO  o.a.c.c.StandardEngine - Starting Servlet engine: [Apache Tomcat/10.1.44]
12:37:12 INFO  o.a.c.c.C.[.[.[/] - Initializing Spring embedded WebApplicationContext
12:37:12 INFO  o.s.b.w.s.c.ServletWebServerApplicationContext - Root WebApplicationContext: initialization completed in 567 ms
12:37:13 INFO  o.s.b.a.w.s.WelcomePageHandlerMapping - Adding welcome page: class path resource [static/index.html]
12:37:13 INFO  o.s.b.d.a.OptionalLiveReloadServer - LiveReload server is running on port 35729
12:37:13 INFO  o.a.c.h.Http11NioProtocol - Starting ProtocolHandler ["http-nio-8080"]
12:37:13 INFO  o.s.b.w.e.t.TomcatWebServer - Tomcat started on port 8080 (http) with context path '/'
12:37:13 INFO  c.e.d.FirstWebApplication - Started FirstWebApplication in 1.199 seconds (process running for 137.243)
12:37:13 INFO  o.s.b.d.a.ConditionEvaluationDeltaLoggingListener - Condition evaluation unchanged
12:37:13 INFO  o.s.b.a.SpringApplicationAdminMXBeanRegistrar$SpringApplicationAdmin - Application shutdown requested.
12:37:13 INFO  o.s.b.w.e.t.GracefulShutdown - Commencing graceful shutdown. Waiting for active requests to complete
12:37:13 INFO  o.a.c.h.Http11NioProtocol - Pausing ProtocolHandler ["http-nio-8080"]
12:37:13 INFO  o.s.b.w.e.t.GracefulShutdown - Graceful shutdown complete
12:37:13 INFO  o.a.c.h.Http11NioProtocol - Stopping ProtocolHandler ["http-nio-8080"]
12:37:15 INFO  c.e.d.FirstWebApplication - Starting FirstWebApplication using Java 21.0.7 with PID 7328 (D:\Java\workspace\first_web\bin\main started by Administrator in D:\Java\workspace\first_web)
12:37:15 INFO  c.e.d.FirstWebApplication - No active profile set, falling back to 1 default profile: "default"
12:37:16 INFO  o.s.b.d.e.DevToolsPropertyDefaultsPostProcessor - Devtools property defaults active! Set 'spring.devtools.add-properties' to 'false' to disable
12:37:16 INFO  o.s.b.d.e.DevToolsPropertyDefaultsPostProcessor - For additional web related logging consider setting the 'logging.level.web' property to 'DEBUG'
12:37:17 INFO  o.s.b.w.e.t.TomcatWebServer - Tomcat initialized with port 8080 (http)
12:37:17 INFO  o.a.c.h.Http11NioProtocol - Initializing ProtocolHandler ["http-nio-8080"]
12:37:17 INFO  o.a.c.c.StandardService - Starting service [Tomcat]
12:37:17 INFO  o.a.c.c.StandardEngine - Starting Servlet engine: [Apache Tomcat/10.1.44]
12:37:17 INFO  o.a.c.c.C.[.[.[/] - Initializing Spring embedded WebApplicationContext
12:37:17 INFO  o.s.b.w.s.c.ServletWebServerApplicationContext - Root WebApplicationContext: initialization completed in 1539 ms
12:37:18 INFO  o.s.b.a.w.s.WelcomePageHandlerMapping - Adding welcome page: class path resource [static/index.html]
12:37:18 INFO  o.s.b.d.a.OptionalLiveReloadServer - LiveReload server is running on port 35729
12:37:18 INFO  o.a.c.h.Http11NioProtocol - Starting ProtocolHandler ["http-nio-8080"]
12:37:18 INFO  o.s.b.w.e.t.TomcatWebServer - Tomcat started on port 8080 (http) with context path '/'
12:37:18 INFO  c.e.d.FirstWebApplication - Started FirstWebApplication in 3.797 seconds (process running for 4.725)
12:37:19 INFO  o.a.c.c.C.[.[.[/] - Initializing Spring DispatcherServlet 'dispatcherServlet'
12:37:19 INFO  o.s.w.s.DispatcherServlet - Initializing Servlet 'dispatcherServlet'
12:37:19 INFO  o.s.w.s.DispatcherServlet - Completed initialization in 1 ms
12:37:19 WARN  o.s.w.s.m.m.a.ExceptionHandlerExceptionResolver - Resolved [java.lang.IllegalArgumentException: Name for argument of type [int] not specified, and parameter name information not available via reflection. Ensure that the compiler uses the '-parameters' flag.]
12:39:23 WARN  o.s.w.s.m.m.a.ExceptionHandlerExceptionResolver - Resolved [java.lang.IllegalArgumentException: Name for argument of type [int] not specified, and parameter name information not available via reflection. Ensure that the compiler uses the '-parameters' flag.]
12:39:23 INFO  o.s.b.d.a.LocalDevToolsAutoConfiguration$RestartingClassPathChangeChangedEventListener - Restarting due to 1 class path change (0 additions, 0 deletions, 1 modification)
12:39:23 INFO  o.s.b.w.e.t.GracefulShutdown - Commencing graceful shutdown. Waiting for active requests to complete
12:39:23 INFO  o.a.c.h.Http11NioProtocol - Pausing ProtocolHandler ["http-nio-8080"]
12:39:23 INFO  o.s.b.w.e.t.GracefulShutdown - Graceful shutdown complete
12:39:23 INFO  o.a.c.h.Http11NioProtocol - Stopping ProtocolHandler ["http-nio-8080"]
12:39:23 INFO  c.e.d.FirstWebApplication - Starting FirstWebApplication using Java 21.0.7 with PID 7328 (D:\Java\workspace\first_web\bin\main started by Administrator in D:\Java\workspace\first_web)
12:39:23 INFO  c.e.d.FirstWebApplication - No active profile set, falling back to 1 default profile: "default"
12:39:24 INFO  o.s.b.w.e.t.TomcatWebServer - Tomcat initialized with port 8080 (http)
12:39:24 INFO  o.a.c.h.Http11NioProtocol - Initializing ProtocolHandler ["http-nio-8080"]
12:39:24 INFO  o.a.c.c.StandardService - Starting service [Tomcat]
12:39:24 INFO  o.a.c.c.StandardEngine - Starting Servlet engine: [Apache Tomcat/10.1.44]
12:39:24 INFO  o.a.c.c.C.[.[.[/] - Initializing Spring embedded WebApplicationContext
12:39:24 INFO  o.s.b.w.s.c.ServletWebServerApplicationContext - Root WebApplicationContext: initialization completed in 477 ms
12:39:24 INFO  o.s.b.a.w.s.WelcomePageHandlerMapping - Adding welcome page: class path resource [static/index.html]
12:39:25 INFO  o.s.b.d.a.OptionalLiveReloadServer - LiveReload server is running on port 35729
12:39:25 INFO  o.a.c.h.Http11NioProtocol - Starting ProtocolHandler ["http-nio-8080"]
12:39:25 INFO  o.s.b.w.e.t.TomcatWebServer - Tomcat started on port 8080 (http) with context path '/'
12:39:25 INFO  c.e.d.FirstWebApplication - Started FirstWebApplication in 1.167 seconds (process running for 130.861)
12:39:25 INFO  o.s.b.d.a.ConditionEvaluationDeltaLoggingListener - Condition evaluation unchanged
12:39:25 INFO  o.a.c.c.C.[.[.[/] - Initializing Spring DispatcherServlet 'dispatcherServlet'
12:39:25 INFO  o.s.w.s.DispatcherServlet - Initializing Servlet 'dispatcherServlet'
12:39:25 INFO  o.s.w.s.DispatcherServlet - Completed initialization in 2 ms
12:39:25 WARN  o.s.w.s.m.m.a.ExceptionHandlerExceptionResolver - Resolved [java.lang.IllegalArgumentException: Name for argument of type [int] not specified, and parameter name information not available via reflection. Ensure that the compiler uses the '-parameters' flag.]
12:39:25 WARN  o.s.w.s.m.m.a.ExceptionHandlerExceptionResolver - Resolved [java.lang.IllegalArgumentException: Name for argument of type [int] not specified, and parameter name information not available via reflection. Ensure that the compiler uses the '-parameters' flag.]
12:39:26 WARN  o.s.w.s.m.m.a.ExceptionHandlerExceptionResolver - Resolved [java.lang.IllegalArgumentException: Name for argument of type [int] not specified, and parameter name information not available via reflection. Ensure that the compiler uses the '-parameters' flag.]
12:39:26 WARN  o.s.w.s.m.m.a.ExceptionHandlerExceptionResolver - Resolved [java.lang.IllegalArgumentException: Name for argument of type [int] not specified, and parameter name information not available via reflection. Ensure that the compiler uses the '-parameters' flag.]
12:39:26 WARN  o.s.w.s.m.m.a.ExceptionHandlerExceptionResolver - Resolved [java.lang.IllegalArgumentException: Name for argument of type [int] not specified, and parameter name information not available via reflection. Ensure that the compiler uses the '-parameters' flag.]
12:39:26 WARN  o.s.w.s.m.m.a.ExceptionHandlerExceptionResolver - Resolved [java.lang.IllegalArgumentException: Name for argument of type [int] not specified, and parameter name information not available via reflection. Ensure that the compiler uses the '-parameters' flag.]
12:39:26 WARN  o.s.w.s.m.m.a.ExceptionHandlerExceptionResolver - Resolved [java.lang.IllegalArgumentException: Name for argument of type [int] not specified, and parameter name information not available via reflection. Ensure that the compiler uses the '-parameters' flag.]
12:39:27 WARN  o.s.w.s.m.m.a.ExceptionHandlerExceptionResolver - Resolved [java.lang.IllegalArgumentException: Name for argument of type [int] not specified, and parameter name information not available via reflection. Ensure that the compiler uses the '-parameters' flag.]
12:39:27 WARN  o.s.w.s.m.m.a.ExceptionHandlerExceptionResolver - Resolved [java.lang.IllegalArgumentException: Name for argument of type [int] not specified, and parameter name information not available via reflection. Ensure that the compiler uses the '-parameters' flag.]
12:39:29 WARN  o.s.w.s.m.m.a.ExceptionHandlerExceptionResolver - Resolved [com.example.demo.exception.SessionExpiredException: session expired : 84E99848FA56D5B4A747A0A3A7650407]
12:39:47 INFO  o.s.b.d.a.LocalDevToolsAutoConfiguration$RestartingClassPathChangeChangedEventListener - Restarting due to 1 class path change (0 additions, 0 deletions, 1 modification)
12:39:47 INFO  o.s.b.w.e.t.GracefulShutdown - Commencing graceful shutdown. Waiting for active requests to complete
12:39:47 INFO  o.a.c.h.Http11NioProtocol - Pausing ProtocolHandler ["http-nio-8080"]
12:39:47 INFO  o.s.b.w.e.t.GracefulShutdown - Graceful shutdown complete
12:39:47 INFO  o.a.c.h.Http11NioProtocol - Stopping ProtocolHandler ["http-nio-8080"]
12:39:47 INFO  c.e.d.FirstWebApplication - Starting FirstWebApplication using Java 21.0.7 with PID 7328 (D:\Java\workspace\first_web\bin\main started by Administrator in D:\Java\workspace\first_web)
12:39:47 INFO  c.e.d.FirstWebApplication - No active profile set, falling back to 1 default profile: "default"
12:39:47 INFO  o.s.b.w.e.t.TomcatWebServer - Tomcat initialized with port 8080 (http)
12:39:47 INFO  o.a.c.h.Http11NioProtocol - Initializing ProtocolHandler ["http-nio-8080"]
12:39:47 INFO  o.a.c.c.StandardService - Starting service [Tomcat]
12:39:47 INFO  o.a.c.c.StandardEngine - Starting Servlet engine: [Apache Tomcat/10.1.44]
12:39:47 INFO  o.a.c.c.C.[.[.[/] - Initializing Spring embedded WebApplicationContext
12:39:47 INFO  o.s.b.w.s.c.ServletWebServerApplicationContext - Root WebApplicationContext: initialization completed in 376 ms
12:39:47 INFO  o.s.b.a.w.s.WelcomePageHandlerMapping - Adding welcome page: class path resource [static/index.html]
12:39:48 INFO  o.s.b.d.a.OptionalLiveReloadServer - LiveReload server is running on port 35729
12:39:48 INFO  o.a.c.h.Http11NioProtocol - Starting ProtocolHandler ["http-nio-8080"]
12:39:48 INFO  o.s.b.w.e.t.TomcatWebServer - Tomcat started on port 8080 (http) with context path '/'
12:39:48 INFO  c.e.d.FirstWebApplication - Started FirstWebApplication in 0.942 seconds (process running for 154.014)
12:39:48 INFO  o.s.b.d.a.ConditionEvaluationDeltaLoggingListener - Condition evaluation unchanged
12:39:48 INFO  o.a.c.c.C.[.[.[/] - Initializing Spring DispatcherServlet 'dispatcherServlet'
12:39:48 INFO  o.s.w.s.DispatcherServlet - Initializing Servlet 'dispatcherServlet'
12:39:48 INFO  o.s.w.s.DispatcherServlet - Completed initialization in 1 ms
12:39:57 INFO  c.e.d.c.LoginController - 사용자가 로그인을 시도했습니다!
12:39:57 INFO  c.e.d.c.LoginController - 로그인을 요청한 세션 ID : [84E99848FA56D5B4A747A0A3A7650407]
12:39:57 INFO  c.e.d.c.LoginController - 입력한 ID : ktech
12:39:57 INFO  c.e.d.c.LoginController - 입력한 PASSWORD : ktech!@#$
12:39:57 INFO  c.z.h.HikariDataSource - HikariPool-1 - Starting...
12:39:57 INFO  c.z.h.p.HikariPool - HikariPool-1 - Added connection org.mariadb.jdbc.Connection@11f84e7a
12:39:57 INFO  c.z.h.HikariDataSource - HikariPool-1 - Start completed.
12:39:57 INFO  c.e.d.c.LoginController - 사용자가 로그인에 성공했습니다!
12:39:59 INFO  c.z.h.HikariDataSource - HikariPool-2 - Starting...
12:39:59 INFO  c.z.h.p.HikariPool - HikariPool-2 - Added connection org.mariadb.jdbc.Connection@19e02204
12:39:59 INFO  c.z.h.HikariDataSource - HikariPool-2 - Start completed.
12:39:59 INFO  c.e.d.c.DepartmentsController - 사용자가 /departments 페이지를 요청함
12:40:01 WARN  o.s.w.s.m.m.a.ExceptionHandlerExceptionResolver - Resolved [java.lang.IllegalArgumentException: Name for argument of type [int] not specified, and parameter name information not available via reflection. Ensure that the compiler uses the '-parameters' flag.]
12:40:42 INFO  o.s.b.d.a.LocalDevToolsAutoConfiguration$RestartingClassPathChangeChangedEventListener - Restarting due to 1 class path change (0 additions, 0 deletions, 1 modification)
12:40:42 INFO  o.s.b.w.e.t.GracefulShutdown - Commencing graceful shutdown. Waiting for active requests to complete
12:40:42 INFO  o.a.c.h.Http11NioProtocol - Pausing ProtocolHandler ["http-nio-8080"]
12:40:42 INFO  o.s.b.w.e.t.GracefulShutdown - Graceful shutdown complete
12:40:42 INFO  o.a.c.h.Http11NioProtocol - Stopping ProtocolHandler ["http-nio-8080"]
12:40:42 INFO  c.z.h.HikariDataSource - HikariPool-1 - Shutdown initiated...
12:40:42 INFO  c.z.h.HikariDataSource - HikariPool-1 - Shutdown completed.
12:40:42 INFO  c.z.h.HikariDataSource - HikariPool-2 - Shutdown initiated...
12:40:42 INFO  c.z.h.HikariDataSource - HikariPool-2 - Shutdown completed.
12:40:42 INFO  c.e.d.FirstWebApplication - Starting FirstWebApplication using Java 21.0.7 with PID 7328 (D:\Java\workspace\first_web\bin\main started by Administrator in D:\Java\workspace\first_web)
12:40:42 INFO  c.e.d.FirstWebApplication - No active profile set, falling back to 1 default profile: "default"
12:40:43 INFO  o.s.b.w.e.t.TomcatWebServer - Tomcat initialized with port 8080 (http)
12:40:43 INFO  o.a.c.h.Http11NioProtocol - Initializing ProtocolHandler ["http-nio-8080"]
12:40:43 INFO  o.a.c.c.StandardService - Starting service [Tomcat]
12:40:43 INFO  o.a.c.c.StandardEngine - Starting Servlet engine: [Apache Tomcat/10.1.44]
12:40:43 INFO  o.a.c.c.C.[.[.[/] - Initializing Spring embedded WebApplicationContext
12:40:43 INFO  o.s.b.w.s.c.ServletWebServerApplicationContext - Root WebApplicationContext: initialization completed in 497 ms
12:40:43 WARN  o.s.b.w.s.c.AnnotationConfigServletWebServerApplicationContext - Exception encountered during context initialization - cancelling refresh attempt: org.springframework.beans.factory.BeanCreationException: Error creating bean with name 'employeesController' defined in file [D:\Java\workspace\first_web\bin\main\com\example\demo\controller\EmployeesController.class]: Failed to instantiate [com.example.demo.controller.EmployeesController]: Constructor threw exception
12:40:43 INFO  o.a.c.c.StandardService - Stopping service [Tomcat]
12:40:43 INFO  o.s.b.a.l.ConditionEvaluationReportLogger - 

Error starting ApplicationContext. To display the condition evaluation report re-run your application with 'debug' enabled.
12:40:43 ERROR o.s.b.SpringApplication - Application run failed
org.springframework.beans.factory.BeanCreationException: Error creating bean with name 'employeesController' defined in file [D:\Java\workspace\first_web\bin\main\com\example\demo\controller\EmployeesController.class]: Failed to instantiate [com.example.demo.controller.EmployeesController]: Constructor threw exception
	at org.springframework.beans.factory.support.ConstructorResolver.instantiate(ConstructorResolver.java:321)
	at org.springframework.beans.factory.support.ConstructorResolver.autowireConstructor(ConstructorResolver.java:309)
	at org.springframework.beans.factory.support.AbstractAutowireCapableBeanFactory.autowireConstructor(AbstractAutowireCapableBeanFactory.java:1395)
	at org.springframework.beans.factory.support.AbstractAutowireCapableBeanFactory.createBeanInstance(AbstractAutowireCapableBeanFactory.java:1232)
	at org.springframework.beans.factory.support.AbstractAutowireCapableBeanFactory.doCreateBean(AbstractAutowireCapableBeanFactory.java:569)
	at org.springframework.beans.factory.support.AbstractAutowireCapableBeanFactory.createBean(AbstractAutowireCapableBeanFactory.java:529)
	at org.springframework.beans.factory.support.AbstractBeanFactory.lambda$doGetBean$0(AbstractBeanFactory.java:339)
	at org.springframework.beans.factory.support.DefaultSingletonBeanRegistry.getSingleton(DefaultSingletonBeanRegistry.java:373)
	at org.springframework.beans.factory.support.AbstractBeanFactory.doGetBean(AbstractBeanFactory.java:337)
	at org.springframework.beans.factory.support.AbstractBeanFactory.getBean(AbstractBeanFactory.java:202)
	at org.springframework.beans.factory.support.DefaultListableBeanFactory.instantiateSingleton(DefaultListableBeanFactory.java:1222)
	at org.springframework.beans.factory.support.DefaultListableBeanFactory.preInstantiateSingleton(DefaultListableBeanFactory.java:1188)
	at org.springframework.beans.factory.support.DefaultListableBeanFactory.preInstantiateSingletons(DefaultListableBeanFactory.java:1123)
	at org.springframework.context.support.AbstractApplicationContext.finishBeanFactoryInitialization(AbstractApplicationContext.java:987)
	at org.springframework.context.support.AbstractApplicationContext.refresh(AbstractApplicationContext.java:627)
	at org.springframework.boot.web.servlet.context.ServletWebServerApplicationContext.refresh(ServletWebServerApplicationContext.java:146)
	at org.springframework.boot.SpringApplication.refresh(SpringApplication.java:752)
	at org.springframework.boot.SpringApplication.refreshContext(SpringApplication.java:439)
	at org.springframework.boot.SpringApplication.run(SpringApplication.java:318)
	at org.springframework.boot.SpringApplication.run(SpringApplication.java:1361)
	at org.springframework.boot.SpringApplication.run(SpringApplication.java:1350)
	at com.example.demo.FirstWebApplication.main(FirstWebApplication.java:11)
	at java.base/jdk.internal.reflect.DirectMethodHandleAccessor.invoke(DirectMethodHandleAccessor.java:103)
	at java.base/java.lang.reflect.Method.invoke(Method.java:580)
	at org.springframework.boot.devtools.restart.RestartLauncher.run(RestartLauncher.java:50)
Caused by: org.springframework.beans.BeanInstantiationException: Failed to instantiate [com.example.demo.controller.EmployeesController]: Constructor threw exception
	at org.springframework.beans.BeanUtils.instantiateClass(BeanUtils.java:223)
	at org.springframework.beans.factory.support.SimpleInstantiationStrategy.instantiate(SimpleInstantiationStrategy.java:146)
	at org.springframework.beans.factory.support.ConstructorResolver.instantiate(ConstructorResolver.java:318)
	... 24 common frames omitted
Caused by: java.lang.Error: Unresolved compilation problem: 
	Syntax error on token "pageOffset", , expected after this token

	at com.example.demo.controller.EmployeesController.<init>(EmployeesController.java:30)
	at java.base/jdk.internal.reflect.DirectConstructorHandleAccessor.newInstance(DirectConstructorHandleAccessor.java:62)
	at java.base/java.lang.reflect.Constructor.newInstanceWithCaller(Constructor.java:502)
	at java.base/java.lang.reflect.Constructor.newInstance(Constructor.java:486)
	at org.springframework.beans.BeanUtils.instantiateClass(BeanUtils.java:210)
	... 26 common frames omitted
12:40:45 INFO  c.e.d.FirstWebApplication - Starting FirstWebApplication using Java 21.0.7 with PID 7328 (D:\Java\workspace\first_web\bin\main started by Administrator in D:\Java\workspace\first_web)
12:40:45 INFO  c.e.d.FirstWebApplication - No active profile set, falling back to 1 default profile: "default"
12:40:45 INFO  o.s.b.w.e.t.TomcatWebServer - Tomcat initialized with port 8080 (http)
12:40:45 INFO  o.a.c.h.Http11NioProtocol - Initializing ProtocolHandler ["http-nio-8080"]
12:40:45 INFO  o.a.c.c.StandardService - Starting service [Tomcat]
12:40:45 INFO  o.a.c.c.StandardEngine - Starting Servlet engine: [Apache Tomcat/10.1.44]
12:40:45 INFO  o.a.c.c.C.[.[.[/] - Initializing Spring embedded WebApplicationContext
12:40:45 INFO  o.s.b.w.s.c.ServletWebServerApplicationContext - Root WebApplicationContext: initialization completed in 369 ms
12:40:45 WARN  o.s.b.w.s.c.AnnotationConfigServletWebServerApplicationContext - Exception encountered during context initialization - cancelling refresh attempt: org.springframework.beans.factory.BeanCreationException: Error creating bean with name 'employeesController' defined in file [D:\Java\workspace\first_web\bin\main\com\example\demo\controller\EmployeesController.class]: Failed to instantiate [com.example.demo.controller.EmployeesController]: Constructor threw exception
12:40:45 INFO  o.a.c.c.StandardService - Stopping service [Tomcat]
12:40:45 INFO  o.s.b.a.l.ConditionEvaluationReportLogger - 

Error starting ApplicationContext. To display the condition evaluation report re-run your application with 'debug' enabled.
12:40:45 ERROR o.s.b.SpringApplication - Application run failed
org.springframework.beans.factory.BeanCreationException: Error creating bean with name 'employeesController' defined in file [D:\Java\workspace\first_web\bin\main\com\example\demo\controller\EmployeesController.class]: Failed to instantiate [com.example.demo.controller.EmployeesController]: Constructor threw exception
	at org.springframework.beans.factory.support.ConstructorResolver.instantiate(ConstructorResolver.java:321)
	at org.springframework.beans.factory.support.ConstructorResolver.autowireConstructor(ConstructorResolver.java:309)
	at org.springframework.beans.factory.support.AbstractAutowireCapableBeanFactory.autowireConstructor(AbstractAutowireCapableBeanFactory.java:1395)
	at org.springframework.beans.factory.support.AbstractAutowireCapableBeanFactory.createBeanInstance(AbstractAutowireCapableBeanFactory.java:1232)
	at org.springframework.beans.factory.support.AbstractAutowireCapableBeanFactory.doCreateBean(AbstractAutowireCapableBeanFactory.java:569)
	at org.springframework.beans.factory.support.AbstractAutowireCapableBeanFactory.createBean(AbstractAutowireCapableBeanFactory.java:529)
	at org.springframework.beans.factory.support.AbstractBeanFactory.lambda$doGetBean$0(AbstractBeanFactory.java:339)
	at org.springframework.beans.factory.support.DefaultSingletonBeanRegistry.getSingleton(DefaultSingletonBeanRegistry.java:373)
	at org.springframework.beans.factory.support.AbstractBeanFactory.doGetBean(AbstractBeanFactory.java:337)
	at org.springframework.beans.factory.support.AbstractBeanFactory.getBean(AbstractBeanFactory.java:202)
	at org.springframework.beans.factory.support.DefaultListableBeanFactory.instantiateSingleton(DefaultListableBeanFactory.java:1222)
	at org.springframework.beans.factory.support.DefaultListableBeanFactory.preInstantiateSingleton(DefaultListableBeanFactory.java:1188)
	at org.springframework.beans.factory.support.DefaultListableBeanFactory.preInstantiateSingletons(DefaultListableBeanFactory.java:1123)
	at org.springframework.context.support.AbstractApplicationContext.finishBeanFactoryInitialization(AbstractApplicationContext.java:987)
	at org.springframework.context.support.AbstractApplicationContext.refresh(AbstractApplicationContext.java:627)
	at org.springframework.boot.web.servlet.context.ServletWebServerApplicationContext.refresh(ServletWebServerApplicationContext.java:146)
	at org.springframework.boot.SpringApplication.refresh(SpringApplication.java:752)
	at org.springframework.boot.SpringApplication.refreshContext(SpringApplication.java:439)
	at org.springframework.boot.SpringApplication.run(SpringApplication.java:318)
	at org.springframework.boot.SpringApplication.run(SpringApplication.java:1361)
	at org.springframework.boot.SpringApplication.run(SpringApplication.java:1350)
	at com.example.demo.FirstWebApplication.main(FirstWebApplication.java:11)
	at java.base/jdk.internal.reflect.DirectMethodHandleAccessor.invoke(DirectMethodHandleAccessor.java:103)
	at java.base/java.lang.reflect.Method.invoke(Method.java:580)
	at org.springframework.boot.devtools.restart.RestartLauncher.run(RestartLauncher.java:50)
Caused by: org.springframework.beans.BeanInstantiationException: Failed to instantiate [com.example.demo.controller.EmployeesController]: Constructor threw exception
	at org.springframework.beans.BeanUtils.instantiateClass(BeanUtils.java:223)
	at org.springframework.beans.factory.support.SimpleInstantiationStrategy.instantiate(SimpleInstantiationStrategy.java:146)
	at org.springframework.beans.factory.support.ConstructorResolver.instantiate(ConstructorResolver.java:318)
	... 24 common frames omitted
Caused by: java.lang.Error: Unresolved compilation problem: 
	Syntax error on token "pageOffset", , expected after this token

	at com.example.demo.controller.EmployeesController.<init>(EmployeesController.java:30)
	at java.base/jdk.internal.reflect.DirectConstructorHandleAccessor.newInstance(DirectConstructorHandleAccessor.java:62)
	at java.base/java.lang.reflect.Constructor.newInstanceWithCaller(Constructor.java:502)
	at java.base/java.lang.reflect.Constructor.newInstance(Constructor.java:486)
	at org.springframework.beans.BeanUtils.instantiateClass(BeanUtils.java:210)
	... 26 common frames omitted
